#
# There is insufficient memory for the Java Runtime Environment to continue.
# Native memory allocation (malloc) failed to allocate 51380224 bytes for committing reserved memory.
# Possible reasons:
#   The system is out of physical RAM or swap space
#   In 32 bit mode, the process size limit was hit
# Possible solutions:
#   Reduce memory load on the system
#   Increase physical memory or swap space
#   Check if swap backing store is full
#   Use 64 bit Java on a 64 bit OS
#   Decrease Java heap size (-Xmx/-Xms)
#   Decrease number of Java threads
#   Decrease Java thread stack sizes (-Xss)
#   Set larger code cache with -XX:ReservedCodeCacheSize=
# This output file may be truncated or incomplete.
#
#  Out of Memory Error (os_linux.cpp:2798), pid=31646, tid=140203367851776
#
# JRE version: OpenJDK Runtime Environment (7.0_65-b32) (build 1.7.0_65-b32)
# Java VM: OpenJDK 64-Bit Server VM (24.65-b04 mixed mode linux-amd64 compressed oops)
# Derivative: IcedTea 2.5.3
# Distribution: Ubuntu 14.04 LTS, package 7u71-2.5.3-0ubuntu0.14.04.1
# Failed to write core dump. Core dumps have been disabled. To enable core dumping, try "ulimit -c unlimited" before starting Java again
#

---------------  T H R E A D  ---------------

Current thread (0x00007f83b8075800):  VMThread [stack: 0x00007f83a3dfe000,0x00007f83a3eff000] [id=31657]

Stack: [0x00007f83a3dfe000,0x00007f83a3eff000],  sp=0x00007f83a3efd490,  free space=1021k
Native frames: (J=compiled Java code, j=interpreted, Vv=VM code, C=native code)
V  [libjvm.so+0x948b05]  VMError::report_and_die()+0x175
V  [libjvm.so+0x48bc34]  report_vm_out_of_memory(char const*, int, unsigned long, char const*)+0x74
V  [libjvm.so+0x7c7bfb]  os::pd_commit_memory(char*, unsigned long, unsigned long, bool)+0xeb
V  [libjvm.so+0x7c26bf]  os::commit_memory(char*, unsigned long, unsigned long, bool)+0x1f
V  [libjvm.so+0x833e4b]  PSVirtualSpace::expand_by(unsigned long)+0x5b
V  [libjvm.so+0x823b9b]  PSOldGen::expand_by(unsigned long) [clone .part.80]+0x1b
V  [libjvm.so+0x823d5b]  PSOldGen::expand(unsigned long) [clone .part.81]+0xdb
V  [libjvm.so+0x824c88]  PSOldGen::resize(unsigned long)+0x188
V  [libjvm.so+0x82bd54]  PSParallelCompact::invoke_no_policy(bool)+0x9c4
V  [libjvm.so+0x831f8d]  PSScavenge::invoke()+0x17d
V  [libjvm.so+0x7e8823]  ParallelScavengeHeap::failed_mem_allocate(unsigned long)+0x63
V  [libjvm.so+0x94a504]  VM_ParallelGCFailedAllocation::doit()+0x84
V  [libjvm.so+0x94e9f7]  VM_Operation::evaluate()+0x47
V  [libjvm.so+0x94d368]  VMThread::evaluate_operation(VM_Operation*)+0x318
V  [libjvm.so+0x94d7c9]  VMThread::loop()+0x219
V  [libjvm.so+0x94dc12]  VMThread::run()+0x72
V  [libjvm.so+0x7c4ac2]  java_start(Thread*)+0xf2

VM_Operation (0x00007f83a1277e30): ParallelGCFailedAllocation, mode: safepoint, requested by thread 0x00007f8374029800


---------------  P R O C E S S  ---------------

Java Threads: ( => current thread )
  0x00007f8378eec800 JavaThread "Stdin handler" [_thread_blocked, id=32210, stack(0x00007f83a0f74000,0x00007f83a1075000)]
  0x00007f837825d800 JavaThread "Handler for socket connection at /127.0.0.1:57834 with /127.0.0.1:55540" [_thread_in_native, id=32207, stack(0x00007f83a107c000,0x00007f83a117d000)]
  0x00007f83790b3800 JavaThread "process reaper" daemon [_thread_blocked, id=32144, stack(0x00007f83a0ed0000,0x00007f83a0f09000)]
  0x00007f8374029800 JavaThread "Daemon Thread 6" [_thread_blocked, id=32136, stack(0x00007f83a117d000,0x00007f83a127e000)]
  0x00007f83782e3800 JavaThread "File lock request listener" [_thread_in_native, id=31682, stack(0x00007f83a0dcf000,0x00007f83a0ed0000)]
  0x00007f83b89e4800 JavaThread "Incoming local TCP Connector on port 57834" [_thread_in_native, id=31674, stack(0x00007f83a127e000,0x00007f83a137f000)]
  0x00007f83b80ae800 JavaThread "Service Thread" daemon [_thread_blocked, id=31663, stack(0x00007f83a3116000,0x00007f83a3217000)]
  0x00007f83b80ac000 JavaThread "C2 CompilerThread1" daemon [_thread_blocked, id=31662, stack(0x00007f83a3217000,0x00007f83a3318000)]
  0x00007f83b80a9000 JavaThread "C2 CompilerThread0" daemon [_thread_blocked, id=31661, stack(0x00007f83a3318000,0x00007f83a3419000)]
  0x00007f83b80a7000 JavaThread "Signal Dispatcher" daemon [_thread_blocked, id=31660, stack(0x00007f83a3419000,0x00007f83a351a000)]
  0x00007f83b807c000 JavaThread "Finalizer" daemon [_thread_blocked, id=31659, stack(0x00007f83a3bfc000,0x00007f83a3cfd000)]
  0x00007f83b807a000 JavaThread "Reference Handler" daemon [_thread_blocked, id=31658, stack(0x00007f83a3cfd000,0x00007f83a3dfe000)]
  0x00007f83b800a800 JavaThread "main" [_thread_blocked, id=31649, stack(0x00007f83be8fc000,0x00007f83be9fd000)]

Other Threads:
=>0x00007f83b8075800 VMThread [stack: 0x00007f83a3dfe000,0x00007f83a3eff000] [id=31657]
  0x00007f83b80b9000 WatcherThread [stack: 0x00007f83a3015000,0x00007f83a3116000] [id=31664]

VM state:at safepoint (normal execution)

VM Mutex/Monitor currently owned by a thread:  ([mutex/lock_event])
[0x00007f83b80063a0] ExpandHeap_lock - owner thread: 0x00007f83b8075800
[0x00007f83b8006a20] Threads_lock - owner thread: 0x00007f83b8075800
[0x00007f83b8006f20] Heap_lock - owner thread: 0x00007f8374029800

Heap
 PSYoungGen      total 215040K, used 31728K [0x00000000eaa80000, 0x00000000fb400000, 0x0000000100000000)
  eden space 207360K, 15% used [0x00000000eaa80000,0x00000000ec97c108,0x00000000f7500000)
  from space 7680K, 0% used [0x00000000f7500000,0x00000000f7500000,0x00000000f7c80000)
  to   space 32256K, 0% used [0x00000000f9480000,0x00000000f9480000,0x00000000fb400000)
 ParOldGen       total 103424K, used 103002K [0x00000000c0000000, 0x00000000c6500000, 0x00000000eaa80000)
  object space 103424K, 99% used [0x00000000c0000000,0x00000000c64969d0,0x00000000c6500000)
 PSPermGen       total 115200K, used 85918K [0x00000000b0000000, 0x00000000b7080000, 0x00000000c0000000)
  object space 115200K, 74% used [0x00000000b0000000,0x00000000b53e7a88,0x00000000b7080000)

Card table byte_map: [0x00007f83b410d000,0x00007f83b438e000] byte_map_base: 0x00007f83b3b8d000

Polling page: 0x00007f83bea23000

Code Cache  [0x00007f83b438e000, 0x00007f83b493e000, 0x00007f83b738e000)
 total_blobs=1958 nmethods=1342 adapters=569 free_code_cache=43461Kb largest_free_block=44430592

Compilation events (10 events):
Event: 942.122 Thread 0x00007f83b80a9000 nmethod 1456 0x00007f83b4915dd0 code [0x00007f83b4915f20, 0x00007f83b4915fe8]
Event: 942.199 Thread 0x00007f83b80a9000 1457  s          java.util.Hashtable::clear (38 bytes)
Event: 942.207 Thread 0x00007f83b80a9000 nmethod 1457 0x00007f83b491f010 code [0x00007f83b491f160, 0x00007f83b491f418]
Event: 942.213 Thread 0x00007f83b80a9000 1458             org.gradle.api.internal.artifacts.DefaultModuleIdentifier::getName (5 bytes)
Event: 942.216 Thread 0x00007f83b80ac000 nmethod 1455 0x00007f83b4929bd0 code [0x00007f83b492a100, 0x00007f83b492c168]
Event: 942.216 Thread 0x00007f83b80a9000 nmethod 1458 0x00007f83b491f510 code [0x00007f83b491f640, 0x00007f83b491f698]
Event: 942.225 Thread 0x00007f83b80a9000 1459             org.gradle.api.internal.artifacts.metadata.AbstractModuleDescriptorBackedMetaData$DefaultConfigurationMetaData::getHierarchy (5 bytes)
Event: 942.225 Thread 0x00007f83b80a9000 nmethod 1459 0x00007f83b491ee10 code [0x00007f83b491ef40, 0x00007f83b491ef98]
Event: 943.489 Thread 0x00007f83b80ac000 1460             org.gradle.api.internal.AbstractClassGenerator$PropertyMetaData::getName (5 bytes)
Event: 943.680 Thread 0x00007f83b80ac000 nmethod 1460 0x00007f83b491ec10 code [0x00007f83b491ed40, 0x00007f83b491ed98]

GC Heap History (10 events):
Event: 671.806 GC heap after
Heap after GC invocations=17 (full 4):
 PSYoungGen      total 175616K, used 19787K [0x00000000eaa80000, 0x00000000fb080000, 0x0000000100000000)
  eden space 147456K, 13% used [0x00000000eaa80000,0x00000000ebdd2cb0,0x00000000f3a80000)
  from space 28160K, 0% used [0x00000000f3a80000,0x00000000f3a80000,0x00000000f5600000)
  to   space 27136K, 0% used [0x00000000f9600000,0x00000000f9600000,0x00000000fb080000)
 ParOldGen       total 103424K, used 66016K [0x00000000c0000000, 0x00000000c6500000, 0x00000000eaa80000)
  object space 103424K, 63% used [0x00000000c0000000,0x00000000c4078050,0x00000000c6500000)
 PSPermGen       total 107008K, used 62646K [0x00000000b0000000, 0x00000000b6880000, 0x00000000c0000000)
  object space 107008K, 58% used [0x00000000b0000000,0x00000000b3d2dae8,0x00000000b6880000)
}
Event: 738.287 GC heap before
{Heap before GC invocations=18 (full 4):
 PSYoungGen      total 175616K, used 147456K [0x00000000eaa80000, 0x00000000fb080000, 0x0000000100000000)
  eden space 147456K, 100% used [0x00000000eaa80000,0x00000000f3a80000,0x00000000f3a80000)
  from space 28160K, 0% used [0x00000000f3a80000,0x00000000f3a80000,0x00000000f5600000)
  to   space 27136K, 0% used [0x00000000f9600000,0x00000000f9600000,0x00000000fb080000)
 ParOldGen       total 103424K, used 66016K [0x00000000c0000000, 0x00000000c6500000, 0x00000000eaa80000)
  object space 103424K, 63% used [0x00000000c0000000,0x00000000c4078050,0x00000000c6500000)
 PSPermGen       total 107008K, used 67787K [0x00000000b0000000, 0x00000000b6880000, 0x00000000c0000000)
  object space 107008K, 63% used [0x00000000b0000000,0x00000000b4232da8,0x00000000b6880000)
Event: 738.428 GC heap after
Heap after GC invocations=18 (full 4):
 PSYoungGen      total 234496K, used 27119K [0x00000000eaa80000, 0x00000000fb600000, 0x0000000100000000)
  eden space 207360K, 0% used [0x00000000eaa80000,0x00000000eaa80000,0x00000000f7500000)
  from space 27136K, 99% used [0x00000000f9600000,0x00000000fb07bd88,0x00000000fb080000)
  to   space 33280K, 0% used [0x00000000f7500000,0x00000000f7500000,0x00000000f9580000)
 ParOldGen       total 103424K, used 71281K [0x00000000c0000000, 0x00000000c6500000, 0x00000000eaa80000)
  object space 103424K, 68% used [0x00000000c0000000,0x00000000c459c6a8,0x00000000c6500000)
 PSPermGen       total 107008K, used 67787K [0x00000000b0000000, 0x00000000b6880000, 0x00000000c0000000)
  object space 107008K, 63% used [0x00000000b0000000,0x00000000b4232da8,0x00000000b6880000)
}
Event: 741.198 GC heap before
{Heap before GC invocations=19 (full 4):
 PSYoungGen      total 234496K, used 102055K [0x00000000eaa80000, 0x00000000fb600000, 0x0000000100000000)
  eden space 207360K, 36% used [0x00000000eaa80000,0x00000000ef3adfd0,0x00000000f7500000)
  from space 27136K, 99% used [0x00000000f9600000,0x00000000fb07bd88,0x00000000fb080000)
  to   space 33280K, 0% used [0x00000000f7500000,0x00000000f7500000,0x00000000f9580000)
 ParOldGen       total 103424K, used 71281K [0x00000000c0000000, 0x00000000c6500000, 0x00000000eaa80000)
  object space 103424K, 68% used [0x00000000c0000000,0x00000000c459c6a8,0x00000000c6500000)
 PSPermGen       total 107008K, used 70384K [0x00000000b0000000, 0x00000000b6880000, 0x00000000c0000000)
  object space 107008K, 65% used [0x00000000b0000000,0x00000000b44bc1a0,0x00000000b6880000)
Event: 741.265 GC heap after
Heap after GC invocations=19 (full 4):
 PSYoungGen      total 215040K, used 7505K [0x00000000eaa80000, 0x00000000fb400000, 0x0000000100000000)
  eden space 207360K, 0% used [0x00000000eaa80000,0x00000000eaa80000,0x00000000f7500000)
  from space 7680K, 97% used [0x00000000f7500000,0x00000000f7c54710,0x00000000f7c80000)
  to   space 32256K, 0% used [0x00000000f9480000,0x00000000f9480000,0x00000000fb400000)
 ParOldGen       total 103424K, used 97159K [0x00000000c0000000, 0x00000000c6500000, 0x00000000eaa80000)
  object space 103424K, 93% used [0x00000000c0000000,0x00000000c5ee1e40,0x00000000c6500000)
 PSPermGen       total 107008K, used 70384K [0x00000000b0000000, 0x00000000b6880000, 0x00000000c0000000)
  object space 107008K, 65% used [0x00000000b0000000,0x00000000b44bc1a0,0x00000000b6880000)
}
Event: 741.265 GC heap before
{Heap before GC invocations=20 (full 5):
 PSYoungGen      total 215040K, used 7505K [0x00000000eaa80000, 0x00000000fb400000, 0x0000000100000000)
  eden space 207360K, 0% used [0x00000000eaa80000,0x00000000eaa80000,0x00000000f7500000)
  from space 7680K, 97% used [0x00000000f7500000,0x00000000f7c54710,0x00000000f7c80000)
  to   space 32256K, 0% used [0x00000000f9480000,0x00000000f9480000,0x00000000fb400000)
 ParOldGen       total 103424K, used 97159K [0x00000000c0000000, 0x00000000c6500000, 0x00000000eaa80000)
  object space 103424K, 93% used [0x00000000c0000000,0x00000000c5ee1e40,0x00000000c6500000)
 PSPermGen       total 107008K, used 70384K [0x00000000b0000000, 0x00000000b6880000, 0x00000000c0000000)
  object space 107008K, 65% used [0x00000000b0000000,0x00000000b44bc1a0,0x00000000b6880000)
Event: 742.312 GC heap after
Heap after GC invocations=20 (full 5):
 PSYoungGen      total 215040K, used 0K [0x00000000eaa80000, 0x00000000fb400000, 0x0000000100000000)
  eden space 207360K, 0% used [0x00000000eaa80000,0x00000000eaa80000,0x00000000f7500000)
  from space 7680K, 0% used [0x00000000f7500000,0x00000000f7500000,0x00000000f7c80000)
  to   space 32256K, 0% used [0x00000000f9480000,0x00000000f9480000,0x00000000fb400000)
 ParOldGen       total 103424K, used 97083K [0x00000000c0000000, 0x00000000c6500000, 0x00000000eaa80000)
  object space 103424K, 93% used [0x00000000c0000000,0x00000000c5eceec8,0x00000000c6500000)
 PSPermGen       total 111104K, used 70379K [0x00000000b0000000, 0x00000000b6c80000, 0x00000000c0000000)
  object space 111104K, 63% used [0x00000000b0000000,0x00000000b44baf68,0x00000000b6c80000)
}
Event: 878.550 GC heap before
{Heap before GC invocations=21 (full 6):
 PSYoungGen      total 215040K, used 175981K [0x00000000eaa80000, 0x00000000fb400000, 0x0000000100000000)
  eden space 207360K, 84% used [0x00000000eaa80000,0x00000000f565b640,0x00000000f7500000)
  from space 7680K, 0% used [0x00000000f7500000,0x00000000f7500000,0x00000000f7c80000)
  to   space 32256K, 0% used [0x00000000f9480000,0x00000000f9480000,0x00000000fb400000)
 ParOldGen       total 103424K, used 97083K [0x00000000c0000000, 0x00000000c6500000, 0x00000000eaa80000)
  object space 103424K, 93% used [0x00000000c0000000,0x00000000c5eceec8,0x00000000c6500000)
 PSPermGen       total 111104K, used 77346K [0x00000000b0000000, 0x00000000b6c80000, 0x00000000c0000000)
  object space 111104K, 69% used [0x00000000b0000000,0x00000000b4b88960,0x00000000b6c80000)
Event: 879.857 GC heap after
Heap after GC invocations=21 (full 6):
 PSYoungGen      total 215040K, used 12384K [0x00000000eaa80000, 0x00000000fb400000, 0x0000000100000000)
  eden space 207360K, 5% used [0x00000000eaa80000,0x00000000eb6981d8,0x00000000f7500000)
  from space 7680K, 0% used [0x00000000f7500000,0x00000000f7500000,0x00000000f7c80000)
  to   space 32256K, 0% used [0x00000000f9480000,0x00000000f9480000,0x00000000fb400000)
 ParOldGen       total 103424K, used 103404K [0x00000000c0000000, 0x00000000c6500000, 0x00000000eaa80000)
  object space 103424K, 99% used [0x00000000c0000000,0x00000000c64fb2d8,0x00000000c6500000)
 PSPermGen       total 115200K, used 77342K [0x00000000b0000000, 0x00000000b7080000, 0x00000000c0000000)
  object space 115200K, 67% used [0x00000000b0000000,0x00000000b4b87a28,0x00000000b7080000)
}
Event: 943.725 GC heap before
{Heap before GC invocations=22 (full 7):
 PSYoungGen      total 215040K, used 207360K [0x00000000eaa80000, 0x00000000fb400000, 0x0000000100000000)
  eden space 207360K, 100% used [0x00000000eaa80000,0x00000000f7500000,0x00000000f7500000)
  from space 7680K, 0% used [0x00000000f7500000,0x00000000f7500000,0x00000000f7c80000)
  to   space 32256K, 0% used [0x00000000f9480000,0x00000000f9480000,0x00000000fb400000)
 ParOldGen       total 103424K, used 103404K [0x00000000c0000000, 0x00000000c6500000, 0x00000000eaa80000)
  object space 103424K, 99% used [0x00000000c0000000,0x00000000c64fb2d8,0x00000000c6500000)
 PSPermGen       total 115200K, used 85923K [0x00000000b0000000, 0x00000000b7080000, 0x00000000c0000000)
  object space 115200K, 74% used [0x00000000b0000000,0x00000000b53e8c50,0x00000000b7080000)

Deoptimization events (10 events):
Event: 670.247 Thread 0x00007f8374029800 Uncommon trap: reason=null_check action=make_not_entrant pc=0x00007f83b479a408 method=org.codehaus.groovy.reflection.ReflectionCache.autoboxType(Ljava/lang/Class;)Ljava/lang/Class; @ 9
Event: 670.732 Thread 0x00007f8374029800 Uncommon trap: reason=null_check action=make_not_entrant pc=0x00007f83b48ab0fc method=groovy.lang.MetaClassImpl.addMetaBeanProperty(Lgroovy/lang/MetaBeanProperty;)V @ 45
Event: 874.865 Thread 0x00007f8374029800 Uncommon trap: reason=array_check action=maybe_recompile pc=0x00007f83b48d6f88 method=java.util.TimSort.mergeHi(IIII)V @ 91
Event: 874.892 Thread 0x00007f8374029800 Uncommon trap: reason=array_check action=maybe_recompile pc=0x00007f83b48d6f88 method=java.util.TimSort.mergeHi(IIII)V @ 91
Event: 874.907 Thread 0x00007f8374029800 Uncommon trap: reason=array_check action=maybe_recompile pc=0x00007f83b48d6f88 method=java.util.TimSort.mergeHi(IIII)V @ 91
Event: 874.925 Thread 0x00007f8374029800 Uncommon trap: reason=array_check action=maybe_recompile pc=0x00007f83b48d6f88 method=java.util.TimSort.mergeHi(IIII)V @ 91
Event: 917.794 Thread 0x00007f8374029800 Uncommon trap: reason=bimorphic action=maybe_recompile pc=0x00007f83b456d050 method=java.lang.Throwable.<init>(Ljava/lang/String;Ljava/lang/Throwable;)V @ 24
Event: 917.931 Thread 0x00007f8374029800 Uncommon trap: reason=unreached action=reinterpret pc=0x00007f83b459efb4 method=java.util.HashMap.getEntry(Ljava/lang/Object;)Ljava/util/HashMap$Entry; @ 10
Event: 917.960 Thread 0x00007f8374029800 Uncommon trap: reason=bimorphic action=maybe_recompile pc=0x00007f83b4651d64 method=java.util.regex.Pattern$Branch.study(Ljava/util/regex/Pattern$TreeInfo;)Z @ 57
Event: 917.996 Thread 0x00007f8374029800 Uncommon trap: reason=class_check action=maybe_recompile pc=0x00007f83b4622464 method=java.util.Formatter.format(Ljava/util/Locale;Ljava/lang/String;[Ljava/lang/Object;)Ljava/util/Formatter; @ 76

Internal exceptions (10 events):
Event: 943.688 Thread 0x00007f8374029800 Threw 0x00000000f7485888 at /build/buildd/openjdk-7-7u71-2.5.3/build/openjdk/hotspot/src/share/vm/classfile/systemDictionary.cpp:185
Event: 943.690 Thread 0x00007f8374029800 Threw 0x00000000f7495390 at /build/buildd/openjdk-7-7u71-2.5.3/build/openjdk/hotspot/src/share/vm/prims/jvm.cpp:1284
Event: 943.690 Thread 0x00007f8374029800 Threw 0x00000000f749a110 at /build/buildd/openjdk-7-7u71-2.5.3/build/openjdk/hotspot/src/share/vm/prims/jvm.cpp:1284
Event: 943.690 Thread 0x00007f8374029800 Threw 0x00000000f749b650 at /build/buildd/openjdk-7-7u71-2.5.3/build/openjdk/hotspot/src/share/vm/classfile/systemDictionary.cpp:185
Event: 943.691 Thread 0x00007f8374029800 Threw 0x00000000f74ad8f0 at /build/buildd/openjdk-7-7u71-2.5.3/build/openjdk/hotspot/src/share/vm/prims/jvm.cpp:1284
Event: 943.692 Thread 0x00007f8374029800 Threw 0x00000000f74b2dd0 at /build/buildd/openjdk-7-7u71-2.5.3/build/openjdk/hotspot/src/share/vm/prims/jvm.cpp:1284
Event: 943.692 Thread 0x00007f8374029800 Threw 0x00000000f74b4368 at /build/buildd/openjdk-7-7u71-2.5.3/build/openjdk/hotspot/src/share/vm/classfile/systemDictionary.cpp:185
Event: 943.696 Thread 0x00007f8374029800 Threw 0x00000000f74d5818 at /build/buildd/openjdk-7-7u71-2.5.3/build/openjdk/hotspot/src/share/vm/prims/jvm.cpp:1284
Event: 943.696 Thread 0x00007f8374029800 Threw 0x00000000f74db380 at /build/buildd/openjdk-7-7u71-2.5.3/build/openjdk/hotspot/src/share/vm/prims/jvm.cpp:1284
Event: 943.697 Thread 0x00007f8374029800 Threw 0x00000000f74dc988 at /build/buildd/openjdk-7-7u71-2.5.3/build/openjdk/hotspot/src/share/vm/classfile/systemDictionary.cpp:185

Events (10 events):
Event: 943.686 loading class 0x00007f8378f263e0 done
Event: 943.688 loading class 0x00007f8378f26430
Event: 943.688 loading class 0x00007f8378f26430 done
Event: 943.690 loading class 0x00007f83787d6700
Event: 943.690 loading class 0x00007f83787d6700 done
Event: 943.692 loading class 0x00007f83787d6750
Event: 943.692 loading class 0x00007f83787d6750 done
Event: 943.697 loading class 0x00007f83783834a0
Event: 943.697 loading class 0x00007f83783834a0 done
Event: 943.714 Executing VM operation: ParallelGCFailedAllocation


Dynamic libraries:
00400000-00401000 r-xp 00000000 08:01 941362                             /usr/lib/jvm/java-7-openjdk-amd64/jre/bin/java
00600000-00601000 r--p 00000000 08:01 941362                             /usr/lib/jvm/java-7-openjdk-amd64/jre/bin/java
00601000-00602000 rw-p 00001000 08:01 941362                             /usr/lib/jvm/java-7-openjdk-amd64/jre/bin/java
00cf9000-00d1a000 rw-p 00000000 00:00 0                                  [heap]
b0000000-b7080000 rw-p 00000000 00:00 0 
b7080000-c0000000 rw-p 00000000 00:00 0 
c0000000-c6500000 rw-p 00000000 00:00 0 
c9600000-eaa80000 rw-p 00000000 00:00 0 
eaa80000-fb400000 rw-p 00000000 00:00 0 
fb400000-fb600000 ---p 00000000 00:00 0 
fb600000-100000000 rw-p 00000000 00:00 0 
7f834c000000-7f834c021000 rw-p 00000000 00:00 0 
7f834c021000-7f8350000000 ---p 00000000 00:00 0 
7f8354000000-7f8354021000 rw-p 00000000 00:00 0 
7f8354021000-7f8358000000 ---p 00000000 00:00 0 
7f8358000000-7f8358021000 rw-p 00000000 00:00 0 
7f8358021000-7f835c000000 ---p 00000000 00:00 0 
7f835c000000-7f835c021000 rw-p 00000000 00:00 0 
7f835c021000-7f8360000000 ---p 00000000 00:00 0 
7f8360000000-7f8360021000 rw-p 00000000 00:00 0 
7f8360021000-7f8364000000 ---p 00000000 00:00 0 
7f8364000000-7f8364021000 rw-p 00000000 00:00 0 
7f8364021000-7f8368000000 ---p 00000000 00:00 0 
7f8368000000-7f8368021000 rw-p 00000000 00:00 0 
7f8368021000-7f836c000000 ---p 00000000 00:00 0 
7f836c000000-7f836c021000 rw-p 00000000 00:00 0 
7f836c021000-7f8370000000 ---p 00000000 00:00 0 
7f8370000000-7f8370021000 rw-p 00000000 00:00 0 
7f8370021000-7f8374000000 ---p 00000000 00:00 0 
7f8374000000-7f837402f000 rw-p 00000000 00:00 0 
7f837402f000-7f8378000000 ---p 00000000 00:00 0 
7f8378000000-7f83795a3000 rw-p 00000000 00:00 0 
7f83795a3000-7f837c000000 ---p 00000000 00:00 0 
7f837c000000-7f837c021000 rw-p 00000000 00:00 0 
7f837c021000-7f8380000000 ---p 00000000 00:00 0 
7f8380000000-7f8380021000 rw-p 00000000 00:00 0 
7f8380021000-7f8384000000 ---p 00000000 00:00 0 
7f8384000000-7f83858f0000 rw-p 00000000 00:00 0 
7f83858f0000-7f8388000000 ---p 00000000 00:00 0 
7f8388000000-7f8389bfb000 rw-p 00000000 00:00 0 
7f8389bfb000-7f838c000000 ---p 00000000 00:00 0 
7f838c000000-7f838c021000 rw-p 00000000 00:00 0 
7f838c021000-7f8390000000 ---p 00000000 00:00 0 
7f8390000000-7f8390021000 rw-p 00000000 00:00 0 
7f8390021000-7f8394000000 ---p 00000000 00:00 0 
7f8394000000-7f8394240000 rw-p 00000000 00:00 0 
7f8394240000-7f8398000000 ---p 00000000 00:00 0 
7f8398000000-7f8398021000 rw-p 00000000 00:00 0 
7f8398021000-7f839c000000 ---p 00000000 00:00 0 
7f839c000000-7f839c023000 rw-p 00000000 00:00 0 
7f839c023000-7f83a0000000 ---p 00000000 00:00 0 
7f83a07cc000-7f83a07cd000 rw-p 00000000 00:00 0 
7f83a07cd000-7f83a07d0000 ---p 00000000 00:00 0 
7f83a07d0000-7f83a08ce000 rw-p 00000000 00:00 0 
7f83a08ce000-7f83a08d1000 ---p 00000000 00:00 0 
7f83a08d1000-7f83a09cf000 rw-p 00000000 00:00 0 
7f83a09cf000-7f83a09d2000 ---p 00000000 00:00 0 
7f83a09d2000-7f83a0ad0000 rw-p 00000000 00:00 0 
7f83a0ad0000-7f83a0ad3000 ---p 00000000 00:00 0 
7f83a0ad3000-7f83a0bd1000 rw-p 00000000 00:00 0 
7f83a0bd1000-7f83a0bd4000 ---p 00000000 00:00 0 
7f83a0bd4000-7f83a0cd2000 rw-p 00000000 00:00 0 
7f83a0cd2000-7f83a0cd4000 r--s 00004000 08:01 159154                     /home/krogh/.gradle/caches/modules-2/files-2.1/org.ow2.asm/asm-tree/4.0/67bd266cd17adcee486b76952ece4cc85fe248b8/asm-tree-4.0.jar
7f83a0cd4000-7f83a0cdd000 r--s 000a7000 08:01 159153                     /home/krogh/.gradle/caches/modules-2/files-2.1/com.android.tools.external.lombok/lombok-ast/0.2.2/57e560b535ceaa14fb6f15422d74594acd6c5b64/lombok-ast-0.2.2.jar
7f83a0cdd000-7f83a0cdf000 r--s 0000a000 08:01 159152                     /home/krogh/.gradle/caches/modules-2/files-2.1/org.ow2.asm/asm/4.0/659add6efc75a4715d738e73f07505246edf4d66/asm-4.0.jar
7f83a0cdf000-7f83a0ce1000 r--s 0000d000 08:01 159157                     /home/krogh/.gradle/caches/modules-2/files-2.1/commons-codec/commons-codec/1.4/4216af16d38465bbab0f3dff8efa14204f7a399a/commons-codec-1.4.jar
7f83a0ce1000-7f83a0ce3000 r--s 0000d000 08:01 159156                     /home/krogh/.gradle/caches/modules-2/files-2.1/commons-logging/commons-logging/1.1.1/5043bfebc3db072ed80fbd362e7caf00e885d8ae/commons-logging-1.1.1.jar
7f83a0ce3000-7f83a0ce8000 r--s 00028000 08:01 159155                     /home/krogh/.gradle/caches/modules-2/files-2.1/org.apache.httpcomponents/httpcore/4.1/33fc26c02f8043ab0ede19eadc8c9885386b255c/httpcore-4.1.jar
7f83a0ce8000-7f83a0ce9000 r--s 00004000 08:01 159143                     /home/krogh/.gradle/caches/modules-2/files-2.1/org.ow2.asm/asm-analysis/4.0/1c45d52b6f6c638db13cf3ac12adeb56b254cdd7/asm-analysis-4.0.jar
7f83a0ce9000-7f83a0cec000 r--s 00028000 08:01 133371                     /home/krogh/.gradle/caches/modules-2/files-2.1/com.android.tools.lint/lint-api/23.1.2/88dfcacab04eafe4611b51877c8910563d28c738/lint-api-23.1.2.jar
7f83a0cec000-7f83a0d1f000 r--s 00203000 08:01 159151                     /home/krogh/.gradle/caches/modules-2/files-2.1/org.bouncycastle/bcprov-jdk15on/1.48/960dea7c9181ba0b17e8bab0c06a43f0a5f04e65/bcprov-jdk15on-1.48.jar
7f83a0d1f000-7f83a0d49000 r--s 001e9000 08:01 159150                     /home/krogh/.gradle/caches/modules-2/files-2.1/com.google.guava/guava/15.0/ed727a8d9f247e2050281cb083f1c77b09dcb5cd/guava-15.0.jar
7f83a0d49000-7f83a0d4c000 r--s 00010000 08:01 133370                     /home/krogh/.gradle/caches/modules-2/files-2.1/com.android.tools.layoutlib/layoutlib-api/23.1.2/5fb03e46d8f69e2125d4dfb3419b72d251887d81/layoutlib-api-23.1.2.jar
7f83a0d4c000-7f83a0d53000 r--s 00053000 08:01 159149                     /home/krogh/.gradle/caches/modules-2/files-2.1/org.apache.commons/commons-compress/1.8.1/a698750c16740fd5b3871425f4cb3bbaa87f529d/commons-compress-1.8.1.jar
7f83a0d53000-7f83a0d54000 r--s 00005000 08:01 133369                     /home/krogh/.gradle/caches/modules-2/files-2.1/com.android.tools/dvlib/23.1.2/7f92e73690023fab3c67a1b36e508fb4280ee35f/dvlib-23.1.2.jar
7f83a0d54000-7f83a0d56000 r--s 00005000 08:01 159147                     /home/krogh/.gradle/caches/modules-2/files-2.1/org.apache.httpcomponents/httpmime/4.1/9ba2dcdf94ce35c8a8e9bff242db0618ca932e92/httpmime-4.1.jar
7f83a0d56000-7f83a0d5e000 r--s 0004e000 08:01 159145                     /home/krogh/.gradle/caches/modules-2/files-2.1/org.apache.httpcomponents/httpclient/4.1.1/3d1d918f32709e33ba7ddb2c4e8d1c543ebe713e/httpclient-4.1.1.jar
7f83a0d5e000-7f83a0d5f000 r--s 0000a000 08:01 159144                     /home/krogh/.gradle/caches/modules-2/files-2.1/net.sf.kxml/kxml2/2.3.0/ccbc77a5fd907ef863c29f3596c6f54ffa4e9442/kxml2-2.3.0.jar
7f83a0d5f000-7f83a0d64000 r--s 00089000 08:01 133368                     /home/krogh/.gradle/caches/modules-2/files-2.1/com.android.tools.lint/lint-checks/23.1.2/7cc839a407d60d3c388723646e2c9d6cbb2b525/lint-checks-23.1.2.jar
7f83a0d64000-7f83a0d73000 r--s 001a9000 08:01 159131                     /home/krogh/.gradle/caches/modules-2/files-2.1/org.eclipse.jdt.core.compiler/ecj/4.2.2/d9fd79499c664bccaf24dbe04be417de6c6af64a/ecj-4.2.2.jar
7f83a0d73000-7f83a0d81000 r--s 00081000 08:01 159141                     /home/krogh/.gradle/caches/modules-2/files-2.1/org.bouncycastle/bcpkix-jdk15on/1.48/28b7614b908a47844bb27e3c94b45b6893656265/bcpkix-jdk15on-1.48.jar
7f83a0d81000-7f83a0d83000 r--s 00002000 08:01 159140                     /home/krogh/.gradle/caches/modules-2/files-2.1/com.squareup/javawriter/2.5.0/81241ff7078ef14f42ea2a8995fa09c096256e6b/javawriter-2.5.0.jar
7f83a0d83000-7f83a0d85000 r--s 00013000 08:01 133367                     /home/krogh/.gradle/caches/modules-2/files-2.1/com.android.tools/common/23.1.2/d4234ea5cdc8e5b8830dda1d122f90ff79268ade/common-23.1.2.jar
7f83a0d85000-7f83a0d8b000 r--s 00046000 08:01 133366                     /home/krogh/.gradle/caches/modules-2/files-2.1/com.android.tools/sdk-common/23.1.2/c31cc0b2b2bc80aa9745425e06b54089b17ce355/sdk-common-23.1.2.jar
7f83a0d8b000-7f83a0d8f000 r--s 00028000 08:01 133365                     /home/krogh/.gradle/caches/modules-2/files-2.1/com.android.tools.build/manifest-merger/23.1.2/a88a3d8eaa03e373e6e61cc484c8f9b88e584dc/manifest-merger-23.1.2.jar
7f83a0d8f000-7f83a0d99000 r--s 000a6000 08:01 133364                     /home/krogh/.gradle/caches/modules-2/files-2.1/com.android.tools/sdklib/23.1.2/828af72e78a42c3a6fbac813bbe555a6ad28b549/sdklib-23.1.2.jar
7f83a0d99000-7f83a0d9b000 r--s 00003000 08:01 133363                     /home/krogh/.gradle/caches/modules-2/files-2.1/com.android.tools.build/builder-model/0.13.2/c0e72de47180489a0cc95086cc7ed082cdd97102/builder-model-0.13.2.jar
7f83a0d9b000-7f83a0d9c000 r--s 00000000 08:01 133362                     /home/krogh/.gradle/caches/modules-2/files-2.1/com.android.tools.build/builder-test-api/0.13.2/f9f8942cf34ffb5b759c3bc86b9947a6481a7ee9/builder-test-api-0.13.2.jar
7f83a0d9c000-7f83a0da1000 r--s 0003e000 08:01 133361                     /home/krogh/.gradle/caches/modules-2/files-2.1/com.android.tools.ddms/ddmlib/23.1.2/4f158d3d2d3c8a62bd1551728f390eaede6a2c7d/ddmlib-23.1.2.jar
7f83a0da1000-7f83a0db1000 r--s 000c5000 08:01 159130                     /home/krogh/.gradle/caches/modules-2/files-2.1/net.sf.proguard/proguard-base/4.11/76730af417bb42da22b16e49f49e67863382b9bd/proguard-base-4.11.jar
7f83a0db1000-7f83a0db3000 r--s 00018000 08:01 133360                     /home/krogh/.gradle/caches/modules-2/files-2.1/com.android.tools.lint/lint/23.1.2/c3657e0583ca833a1a395ddfdb4127eb12249665/lint-23.1.2.jar
7f83a0db3000-7f83a0db6000 r--s 0002b000 08:01 133359                     /home/krogh/.gradle/caches/modules-2/files-2.1/com.android.tools.build/builder/0.13.2/891460f2c80b1fc764f80811c7b9ed86da63e188/builder-0.13.2.jar
7f83a0db6000-7f83a0db7000 r--s 00002000 08:01 159127                     /home/krogh/.gradle/caches/modules-2/files-2.1/net.sf.proguard/proguard-gradle/4.11/da875d4b67a8be6c770b11d894434843714ac69d/proguard-gradle-4.11.jar
7f83a0db7000-7f83a0dc6000 r--s 0011b000 08:01 133358                     /home/krogh/.gradle/caches/modules-2/files-2.1/com.android.tools.build/gradle/0.13.2/9d59261fae12544ca94bedf9af96f12e9492ef8f/gradle-0.13.2.jar
7f83a0dc6000-7f83a0dcf000 r--s 000b9000 08:01 936812                     /usr/lib/jvm/java-7-openjdk-amd64/jre/lib/resources.jar
7f83a0dcf000-7f83a0dd2000 ---p 00000000 00:00 0 
7f83a0dd2000-7f83a0ed0000 rw-p 00000000 00:00 0                          [stack:31682]
7f83a0ed0000-7f83a0ed3000 ---p 00000000 00:00 0 
7f83a0ed3000-7f83a0f09000 rw-p 00000000 00:00 0                          [stack:32144]
7f83a0f09000-7f83a0f0a000 r--p 00000000 00:00 0 
7f83a0f0a000-7f83a0f74000 r--s 0069e000 08:01 945625                     /usr/lib/jvm/java-7-openjdk-amd64/lib/tools.jar
7f83a0f74000-7f83a0f77000 ---p 00000000 00:00 0 
7f83a0f77000-7f83a1075000 rw-p 00000000 00:00 0                          [stack:32210]
7f83a1075000-7f83a107c000 r--s 00000000 08:01 31041                      /usr/lib/x86_64-linux-gnu/gconv/gconv-modules.cache
7f83a107c000-7f83a107f000 ---p 00000000 00:00 0 
7f83a107f000-7f83a117d000 rw-p 00000000 00:00 0                          [stack:32207]
7f83a117d000-7f83a1180000 ---p 00000000 00:00 0 
7f83a1180000-7f83a127e000 rw-p 00000000 00:00 0                          [stack:32136]
7f83a127e000-7f83a1281000 ---p 00000000 00:00 0 
7f83a1281000-7f83a137f000 rw-p 00000000 00:00 0                          [stack:31674]
7f83a137f000-7f83a1383000 r-xp 00000000 08:01 151286                     /tmp/native-platform315390370499828741dir/libnative-platform.so
7f83a1383000-7f83a1582000 ---p 00004000 08:01 151286                     /tmp/native-platform315390370499828741dir/libnative-platform.so
7f83a1582000-7f83a1583000 rw-p 00003000 08:01 151286                     /tmp/native-platform315390370499828741dir/libnative-platform.so
7f83a1583000-7f83a1588000 r--s 0004c000 08:01 941315                     /usr/lib/jvm/java-7-openjdk-amd64/jre/lib/jsse.jar
7f83a1588000-7f83a1589000 r--s 00001000 08:01 525600                     /home/krogh/.gradle/wrapper/dists/gradle-2.1-all/27drb4udbjf4k88eh2ffdc0n55/gradle-2.1/lib/plugins/gradle-plugin-development-2.1.jar
7f83a1589000-7f83a158d000 r--s 0000b000 08:01 525599                     /home/krogh/.gradle/wrapper/dists/gradle-2.1-all/27drb4udbjf4k88eh2ffdc0n55/gradle-2.1/lib/plugins/gradle-language-base-2.1.jar
7f83a158d000-7f83a1596000 r--s 0003d000 08:01 525598                     /home/krogh/.gradle/wrapper/dists/gradle-2.1-all/27drb4udbjf4k88eh2ffdc0n55/gradle-2.1/lib/plugins/gradle-language-jvm-2.1.jar
7f83a1596000-7f83a159b000 r--s 00026000 08:01 525597                     /home/krogh/.gradle/wrapper/dists/gradle-2.1-all/27drb4udbjf4k88eh2ffdc0n55/gradle-2.1/lib/plugins/gradle-build-init-2.1.jar
7f83a159b000-7f83a159e000 r--s 0001d000 08:01 525596                     /home/krogh/.gradle/wrapper/dists/gradle-2.1-all/27drb4udbjf4k88eh2ffdc0n55/gradle-2.1/lib/plugins/gradle-jacoco-2.1.jar
7f83a159e000-7f83a15a1000 r--s 0000d000 08:01 525595                     /home/krogh/.gradle/wrapper/dists/gradle-2.1-all/27drb4udbjf4k88eh2ffdc0n55/gradle-2.1/lib/plugins/gradle-ivy-2.1.jar
7f83a15a1000-7f83a15a3000 r--s 00002000 08:01 525594                     /home/krogh/.gradle/wrapper/dists/gradle-2.1-all/27drb4udbjf4k88eh2ffdc0n55/gradle-2.1/lib/plugins/gradle-publish-2.1.jar
7f83a15a3000-7f83a15a5000 r--s 00005000 08:01 525626                     /home/krogh/.gradle/wrapper/dists/gradle-2.1-all/27drb4udbjf4k88eh2ffdc0n55/gradle-2.1/lib/plugins/jatl-0.2.2.jar
7f83a15a5000-7f83a15a7000 r--s 0000f000 08:01 525593                     /home/krogh/.gradle/wrapper/dists/gradle-2.1-all/27drb4udbjf4k88eh2ffdc0n55/gradle-2.1/lib/plugins/gradle-reporting-2.1.jar
7f83a15a7000-7f83a15ac000 r--s 00038000 08:01 525592                     /home/krogh/.gradle/wrapper/dists/gradle-2.1-all/27drb4udbjf4k88eh2ffdc0n55/gradle-2.1/lib/plugins/gradle-diagnostics-2.1.jar
7f83a15ac000-7f83a15b3000 r--s 00090000 08:01 525591                     /home/krogh/.gradle/wrapper/dists/gradle-2.1-all/27drb4udbjf4k88eh2ffdc0n55/gradle-2.1/lib/plugins/gradle-build-comparison-2.1.jar
7f83a15b3000-7f83a15ba000 r--s 00035000 08:01 525625                     /home/krogh/.gradle/wrapper/dists/gradle-2.1-all/27drb4udbjf4k88eh2ffdc0n55/gradle-2.1/lib/plugins/simple-4.1.21.jar
7f83a15ba000-7f83a15c6000 r--s 00100000 08:01 525623                     /home/krogh/.gradle/wrapper/dists/gradle-2.1-all/27drb4udbjf4k88eh2ffdc0n55/gradle-2.1/lib/plugins/rhino-1.7R3.jar
7f83a15c6000-7f83a15ca000 r--s 0001f000 08:01 525590                     /home/krogh/.gradle/wrapper/dists/gradle-2.1-all/27drb4udbjf4k88eh2ffdc0n55/gradle-2.1/lib/plugins/gradle-javascript-2.1.jar
7f83a15ca000-7f83a15cc000 r--s 0000e000 08:01 525589                     /home/krogh/.gradle/wrapper/dists/gradle-2.1-all/27drb4udbjf4k88eh2ffdc0n55/gradle-2.1/lib/plugins/gradle-ear-2.1.jar
7f83a15cc000-7f83a15df000 r--s 000a4000 08:01 525588                     /home/krogh/.gradle/wrapper/dists/gradle-2.1-all/27drb4udbjf4k88eh2ffdc0n55/gradle-2.1/lib/plugins/gradle-cpp-2.1.jar
7f83a15df000-7f83a15e3000 r--s 00025000 08:01 525622                     /home/krogh/.gradle/wrapper/dists/gradle-2.1-all/27drb4udbjf4k88eh2ffdc0n55/gradle-2.1/lib/plugins/bcpg-jdk15-1.46.jar
7f83a15e3000-7f83a15e6000 r--s 0001d000 08:01 525587                     /home/krogh/.gradle/wrapper/dists/gradle-2.1-all/27drb4udbjf4k88eh2ffdc0n55/gradle-2.1/lib/plugins/gradle-signing-2.1.jar
7f83a15e6000-7f83a15e7000 r--s 00002000 08:01 525621                     /home/krogh/.gradle/wrapper/dists/gradle-2.1-all/27drb4udbjf4k88eh2ffdc0n55/gradle-2.1/lib/plugins/sonar-batch-bootstrapper-2.9.jar
7f83a15e7000-7f83a15e8000 r--s 00007000 08:01 525620                     /home/krogh/.gradle/wrapper/dists/gradle-2.1-all/27drb4udbjf4k88eh2ffdc0n55/gradle-2.1/lib/plugins/sonar-runner-2.0.jar
7f83a15e8000-7f83a15eb000 r--s 0001e000 08:01 525586                     /home/krogh/.gradle/wrapper/dists/gradle-2.1-all/27drb4udbjf4k88eh2ffdc0n55/gradle-2.1/lib/plugins/gradle-sonar-2.1.jar
7f83a15eb000-7f83a15ee000 r--s 00017000 08:01 525585                     /home/krogh/.gradle/wrapper/dists/gradle-2.1-all/27drb4udbjf4k88eh2ffdc0n55/gradle-2.1/lib/plugins/gradle-scala-2.1.jar
7f83a15ee000-7f83a15f0000 r--s 0000e000 08:01 525584                     /home/krogh/.gradle/wrapper/dists/gradle-2.1-all/27drb4udbjf4k88eh2ffdc0n55/gradle-2.1/lib/plugins/gradle-announce-2.1.jar
7f83a15f0000-7f83a15fd000 r--s 000bb000 08:01 525583                     /home/krogh/.gradle/wrapper/dists/gradle-2.1-all/27drb4udbjf4k88eh2ffdc0n55/gradle-2.1/lib/plugins/gradle-ide-2.1.jar
7f83a15fd000-7f83a15ff000 r--s 00000000 08:01 525619                     /home/krogh/.gradle/wrapper/dists/gradle-2.1-all/27drb4udbjf4k88eh2ffdc0n55/gradle-2.1/lib/plugins/plexus-component-annotations-1.5.2.jar
7f83a15ff000-7f83a1602000 r--s 0000c000 08:01 525618                     /home/krogh/.gradle/wrapper/dists/gradle-2.1-all/27drb4udbjf4k88eh2ffdc0n55/gradle-2.1/lib/plugins/pmaven-groovy-0.8-20100325.jar
7f83a1602000-7f83a1603000 r--s 00004000 08:01 525617                     /home/krogh/.gradle/wrapper/dists/gradle-2.1-all/27drb4udbjf4k88eh2ffdc0n55/gradle-2.1/lib/plugins/pmaven-common-0.8-20100325.jar
7f83a1603000-7f83a1608000 r--s 0001d000 08:01 525582                     /home/krogh/.gradle/wrapper/dists/gradle-2.1-all/27drb4udbjf4k88eh2ffdc0n55/gradle-2.1/lib/plugins/gradle-maven-2.1.jar
7f83a1608000-7f83a1620000 r--s 0013b000 08:01 525615                     /home/krogh/.gradle/wrapper/dists/gradle-2.1-all/27drb4udbjf4k88eh2ffdc0n55/gradle-2.1/lib/plugins/bndlib-2.1.0.jar
7f83a1620000-7f83a1622000 r--s 00004000 08:01 525581                     /home/krogh/.gradle/wrapper/dists/gradle-2.1-all/27drb4udbjf4k88eh2ffdc0n55/gradle-2.1/lib/plugins/gradle-osgi-2.1.jar
7f83a1622000-7f83a1627000 r--s 00068000 08:01 525614                     /home/krogh/.gradle/wrapper/dists/gradle-2.1-all/27drb4udbjf4k88eh2ffdc0n55/gradle-2.1/lib/plugins/antlr-2.7.7.jar
7f83a1627000-7f83a1629000 r--s 00004000 08:01 525580                     /home/krogh/.gradle/wrapper/dists/gradle-2.1-all/27drb4udbjf4k88eh2ffdc0n55/gradle-2.1/lib/plugins/gradle-antlr-2.1.jar
7f83a1629000-7f83a1632000 r--s 00089000 08:01 525604                     /home/krogh/.gradle/wrapper/dists/gradle-2.1-all/27drb4udbjf4k88eh2ffdc0n55/gradle-2.1/lib/plugins/testng-6.3.1.jar
7f83a1632000-7f83a1633000 r--s 00002000 08:01 525613                     /home/krogh/.gradle/wrapper/dists/gradle-2.1-all/27drb4udbjf4k88eh2ffdc0n55/gradle-2.1/lib/plugins/ant-antlr-1.9.3.jar
7f83a1633000-7f83a1636000 r--s 0001e000 08:01 525637                     /home/krogh/.gradle/wrapper/dists/gradle-2.1-all/27drb4udbjf4k88eh2ffdc0n55/gradle-2.1/lib/plugins/jsp-api-2.1-6.1.14.jar
7f83a1636000-7f83a1659000 r--s 00344000 08:01 525636                     /home/krogh/.gradle/wrapper/dists/gradle-2.1-all/27drb4udbjf4k88eh2ffdc0n55/gradle-2.1/lib/plugins/core-3.1.1.jar
7f83a1659000-7f83a165a000 r--s 00006000 08:01 525635                     /home/krogh/.gradle/wrapper/dists/gradle-2.1-all/27drb4udbjf4k88eh2ffdc0n55/gradle-2.1/lib/plugins/jetty-naming-6.1.25.jar
7f83a165a000-7f83a165b000 r--s 00002000 08:01 525612                     /home/krogh/.gradle/wrapper/dists/gradle-2.1-all/27drb4udbjf4k88eh2ffdc0n55/gradle-2.1/lib/plugins/geronimo-annotation_1.0_spec-1.0.jar
7f83a165b000-7f83a165d000 r--s 00002000 08:01 525611                     /home/krogh/.gradle/wrapper/dists/gradle-2.1-all/27drb4udbjf4k88eh2ffdc0n55/gradle-2.1/lib/plugins/jetty-annotations-6.1.25.jar
7f83a165d000-7f83a166e000 r--s 000ea000 08:01 525610                     /home/krogh/.gradle/wrapper/dists/gradle-2.1-all/27drb4udbjf4k88eh2ffdc0n55/gradle-2.1/lib/plugins/jsp-2.1-6.1.14.jar
7f83a166e000-7f83a1670000 r--s 0000d000 08:01 525609                     /home/krogh/.gradle/wrapper/dists/gradle-2.1-all/27drb4udbjf4k88eh2ffdc0n55/gradle-2.1/lib/plugins/jetty-plus-6.1.25.jar
7f83a1670000-7f83a1672000 r--s 0001f000 08:01 525608                     /home/krogh/.gradle/wrapper/dists/gradle-2.1-all/27drb4udbjf4k88eh2ffdc0n55/gradle-2.1/lib/plugins/servlet-api-2.5-20081211.jar
7f83a1672000-7f83a1676000 r--s 00028000 08:01 525607                     /home/krogh/.gradle/wrapper/dists/gradle-2.1-all/27drb4udbjf4k88eh2ffdc0n55/gradle-2.1/lib/plugins/jetty-util-6.1.25.jar
7f83a1676000-7f83a167d000 r--s 0007d000 08:01 525606                     /home/krogh/.gradle/wrapper/dists/gradle-2.1-all/27drb4udbjf4k88eh2ffdc0n55/gradle-2.1/lib/plugins/jetty-6.1.25.jar
7f83a167d000-7f83a167f000 r--s 00009000 08:01 525579                     /home/krogh/.gradle/wrapper/dists/gradle-2.1-all/27drb4udbjf4k88eh2ffdc0n55/gradle-2.1/lib/plugins/gradle-jetty-2.1.jar
7f83a167f000-7f83a1685000 r--s 0003f000 08:01 525578                     /home/krogh/.gradle/wrapper/dists/gradle-2.1-all/27drb4udbjf4k88eh2ffdc0n55/gradle-2.1/lib/plugins/gradle-code-quality-2.1.jar
7f83a1685000-7f83a1687000 r--s 00009000 08:01 525645                     /home/krogh/.gradle/wrapper/dists/gradle-2.1-all/27drb4udbjf4k88eh2ffdc0n55/gradle-2.1/lib/plugins/hamcrest-core-1.3.jar
7f83a1687000-7f83a168d000 r--s 00033000 08:01 525634                     /home/krogh/.gradle/wrapper/dists/gradle-2.1-all/27drb4udbjf4k88eh2ffdc0n55/gradle-2.1/lib/plugins/snakeyaml-1.6.jar
7f83a168d000-7f83a168f000 r--s 00006000 08:01 525633                     /home/krogh/.gradle/wrapper/dists/gradle-2.1-all/27drb4udbjf4k88eh2ffdc0n55/gradle-2.1/lib/plugins/jcommander-1.12.jar
7f83a168f000-7f83a1694000 r--s 00040000 08:01 525632                     /home/krogh/.gradle/wrapper/dists/gradle-2.1-all/27drb4udbjf4k88eh2ffdc0n55/gradle-2.1/lib/plugins/bsh-2.0b4.jar
7f83a1694000-7f83a1696000 r--s 00009000 08:01 525605                     /home/krogh/.gradle/wrapper/dists/gradle-2.1-all/27drb4udbjf4k88eh2ffdc0n55/gradle-2.1/lib/plugins/commons-cli-1.2.jar
7f83a1696000-7f83a169c000 r--s 00036000 08:01 525603                     /home/krogh/.gradle/wrapper/dists/gradle-2.1-all/27drb4udbjf4k88eh2ffdc0n55/gradle-2.1/lib/plugins/junit-4.11.jar
7f83a169c000-7f83a16a8000 r--s 00075000 08:01 525577                     /home/krogh/.gradle/wrapper/dists/gradle-2.1-all/27drb4udbjf4k88eh2ffdc0n55/gradle-2.1/lib/plugins/gradle-plugins-2.1.jar
7f83a16a8000-7f83a16ab000 r--s 0000f000 08:01 525601                     /home/krogh/.gradle/wrapper/dists/gradle-2.1-all/27drb4udbjf4k88eh2ffdc0n55/gradle-2.1/lib/plugins/gradle-plugin-use-2.1.jar
7f83a16ab000-7f83a16c3000 r--s 00115000 08:01 525643                     /home/krogh/.gradle/wrapper/dists/gradle-2.1-all/27drb4udbjf4k88eh2ffdc0n55/gradle-2.1/lib/plugins/xercesImpl-2.9.1.jar
7f83a16c3000-7f83a16cb000 r--s 00028000 08:01 525644                     /home/krogh/.gradle/wrapper/dists/gradle-2.1-all/27drb4udbjf4k88eh2ffdc0n55/gradle-2.1/lib/plugins/xml-apis-1.3.04.jar
7f83a16cb000-7f83a16d1000 r--s 0005b000 08:01 525642                     /home/krogh/.gradle/wrapper/dists/gradle-2.1-all/27drb4udbjf4k88eh2ffdc0n55/gradle-2.1/lib/plugins/jcifs-1.3.17.jar
7f83a16d1000-7f83a16d7000 r--s 00031000 08:01 525641                     /home/krogh/.gradle/wrapper/dists/gradle-2.1-all/27drb4udbjf4k88eh2ffdc0n55/gradle-2.1/lib/plugins/httpcore-4.2.2.jar
7f83a16d7000-7f83a16dd000 r--s 00033000 08:01 525640                     /home/krogh/.gradle/wrapper/dists/gradle-2.1-all/27drb4udbjf4k88eh2ffdc0n55/gradle-2.1/lib/plugins/commons-codec-1.6.jar
7f83a16dd000-7f83a16e0000 r--s 0001c000 08:01 525639                     /home/krogh/.gradle/wrapper/dists/gradle-2.1-all/27drb4udbjf4k88eh2ffdc0n55/gradle-2.1/lib/plugins/nekohtml-1.9.14.jar
7f83a16e0000-7f83a16e9000 r--s 00060000 08:01 525638                     /home/krogh/.gradle/wrapper/dists/gradle-2.1-all/27drb4udbjf4k88eh2ffdc0n55/gradle-2.1/lib/plugins/httpclient-4.2.2.jar
7f83a16e9000-7f83a16eb000 r--s 00007000 08:01 525627                     /home/krogh/.gradle/wrapper/dists/gradle-2.1-all/27drb4udbjf4k88eh2ffdc0n55/gradle-2.1/lib/plugins/gradle-resources-http-2.1.jar
7f83a16eb000-7f83a1713000 r--s 00194000 08:01 525631                     /home/krogh/.gradle/wrapper/dists/gradle-2.1-all/27drb4udbjf4k88eh2ffdc0n55/gradle-2.1/lib/plugins/bcprov-jdk15-1.46.jar
7f83a1713000-7f83a1717000 r--s 0001d000 08:01 525630                     /home/krogh/.gradle/wrapper/dists/gradle-2.1-all/27drb4udbjf4k88eh2ffdc0n55/gradle-2.1/lib/plugins/xbean-reflect-3.4.jar
7f83a1717000-7f83a171c000 r--s 0002a000 08:01 525624                     /home/krogh/.gradle/wrapper/dists/gradle-2.1-all/27drb4udbjf4k88eh2ffdc0n55/gradle-2.1/lib/plugins/gson-2.2.4.jar
7f83a171c000-7f83a1720000 r--s 0003d000 08:01 525629                     /home/krogh/.gradle/wrapper/dists/gradle-2.1-all/27drb4udbjf4k88eh2ffdc0n55/gradle-2.1/lib/plugins/jsch-0.1.51.jar
7f83a1720000-7f83a1739000 r--s 00129000 08:01 525616                     /home/krogh/.gradle/wrapper/dists/gradle-2.1-all/27drb4udbjf4k88eh2ffdc0n55/gradle-2.1/lib/plugins/maven-ant-tasks-2.1.3.jar
7f83a1739000-7f83a1748000 r--s 000d9000 08:01 525628                     /home/krogh/.gradle/wrapper/dists/gradle-2.1-all/27drb4udbjf4k88eh2ffdc0n55/gradle-2.1/lib/plugins/ivy-2.2.0.jar
7f83a1748000-7f83a174c000 r--s 0001e000 08:01 525576                     /home/krogh/.gradle/wrapper/dists/gradle-2.1-all/27drb4udbjf4k88eh2ffdc0n55/gradle-2.1/lib/plugins/jarjar-aether-impl-1.13.1.jar
7f83a174c000-7f83a174f000 r--s 00027000 08:01 525575                     /home/krogh/.gradle/wrapper/dists/gradle-2.1-all/27drb4udbjf4k88eh2ffdc0n55/gradle-2.1/lib/plugins/jarjar-maven-model-3.0.4.jar
7f83a174f000-7f83a1752000 r--s 0000b000 08:01 525574                     /home/krogh/.gradle/wrapper/dists/gradle-2.1-all/27drb4udbjf4k88eh2ffdc0n55/gradle-2.1/lib/plugins/jarjar-maven-artifact-3.0.4.jar
7f83a1752000-7f83a1756000 r--s 0001e000 08:01 525573                     /home/krogh/.gradle/wrapper/dists/gradle-2.1-all/27drb4udbjf4k88eh2ffdc0n55/gradle-2.1/lib/plugins/jarjar-aether-util-1.13.1.jar
7f83a1756000-7f83a1758000 r--s 00007000 08:01 525572                     /home/krogh/.gradle/wrapper/dists/gradle-2.1-all/27drb4udbjf4k88eh2ffdc0n55/gradle-2.1/lib/plugins/jarjar-wagon-http-shared4-2.4.jar
7f83a1758000-7f83a1765000 r--s 00083000 08:01 525571                     /home/krogh/.gradle/wrapper/dists/gradle-2.1-all/27drb4udbjf4k88eh2ffdc0n55/gradle-2.1/lib/plugins/jarjar-maven-core-3.0.4.jar
7f83a1765000-7f83a1767000 r--s 00003000 08:01 525570                     /home/krogh/.gradle/wrapper/dists/gradle-2.1-all/27drb4udbjf4k88eh2ffdc0n55/gradle-2.1/lib/plugins/jarjar-aether-spi-1.13.1.jar
7f83a1767000-7f83a1769000 r--s 00009000 08:01 525569                     /home/krogh/.gradle/wrapper/dists/gradle-2.1-all/27drb4udbjf4k88eh2ffdc0n55/gradle-2.1/lib/plugins/jarjar-maven-settings-builder-3.0.4.jar
7f83a1769000-7f83a176d000 r--s 00014000 08:01 525568                     /home/krogh/.gradle/wrapper/dists/gradle-2.1-all/27drb4udbjf4k88eh2ffdc0n55/gradle-2.1/lib/plugins/jarjar-aether-api-1.13.1.jar
7f83a176d000-7f83a176e000 r--s 00002000 08:01 525567                     /home/krogh/.gradle/wrapper/dists/gradle-2.1-all/27drb4udbjf4k88eh2ffdc0n55/gradle-2.1/lib/plugins/jarjar-wagon-http-2.4.jar
7f83a176e000-7f83a1775000 r--s 00042000 08:01 525566                     /home/krogh/.gradle/wrapper/dists/gradle-2.1-all/27drb4udbjf4k88eh2ffdc0n55/gradle-2.1/lib/plugins/jarjar-maven-compat-3.0.4.jar
7f83a1775000-7f83a1777000 r--s 00006000 08:01 525565                     /home/krogh/.gradle/wrapper/dists/gradle-2.1-all/27drb4udbjf4k88eh2ffdc0n55/gradle-2.1/lib/plugins/jarjar-aether-connector-wagon-1.13.1.jar
7f83a1777000-7f83a1779000 r--s 00000000 08:01 525564                     /home/krogh/.gradle/wrapper/dists/gradle-2.1-all/27drb4udbjf4k88eh2ffdc0n55/gradle-2.1/lib/plugins/jarjar-plexus-component-annotations-1.5.5.jar
7f83a1779000-7f83a177b000 r--s 00006000 08:01 525563                     /home/krogh/.gradle/wrapper/dists/gradle-2.1-all/27drb4udbjf4k88eh2ffdc0n55/gradle-2.1/lib/plugins/jarjar-plexus-sec-dispatcher-1.3.jar
7f83a177b000-7f83a1780000 r--s 00022000 08:01 525562                     /home/krogh/.gradle/wrapper/dists/gradle-2.1-all/27drb4udbjf4k88eh2ffdc0n55/gradle-2.1/lib/plugins/jarjar-maven-model-builder-3.0.4.jar
7f83a1780000-7f83a1782000 r--s 0000b000 08:01 525561                     /home/krogh/.gradle/wrapper/dists/gradle-2.1-all/27drb4udbjf4k88eh2ffdc0n55/gradle-2.1/lib/plugins/jarjar-maven-plugin-api-3.0.4.jar
7f83a1782000-7f83a1785000 r--s 0000a000 08:01 525560                     /home/krogh/.gradle/wrapper/dists/gradle-2.1-all/27drb4udbjf4k88eh2ffdc0n55/gradle-2.1/lib/plugins/jarjar-plexus-classworlds-2.4.jar
7f83a1785000-7f83a1789000 r--s 00035000 08:01 525559                     /home/krogh/.gradle/wrapper/dists/gradle-2.1-all/27drb4udbjf4k88eh2ffdc0n55/gradle-2.1/lib/plugins/jarjar-plexus-utils-2.0.6.jar
7f83a1789000-7f83a178b000 r--s 0000e000 08:01 525558                     /home/krogh/.gradle/wrapper/dists/gradle-2.1-all/27drb4udbjf4k88eh2ffdc0n55/gradle-2.1/lib/plugins/jarjar-plexus-interpolation-1.14.jar
7f83a178b000-7f83a178d000 r--s 00002000 08:01 525557                     /home/krogh/.gradle/wrapper/dists/gradle-2.1-all/27drb4udbjf4k88eh2ffdc0n55/gradle-2.1/lib/plugins/jarjar-plexus-cipher-1.7.jar
7f83a178d000-7f83a178f000 r--s 0000c000 08:01 525556                     /home/krogh/.gradle/wrapper/dists/gradle-2.1-all/27drb4udbjf4k88eh2ffdc0n55/gradle-2.1/lib/plugins/jarjar-wagon-provider-api-2.4.jar
7f83a178f000-7f83a1791000 r--s 0000d000 08:01 525555                     /home/krogh/.gradle/wrapper/dists/gradle-2.1-all/27drb4udbjf4k88eh2ffdc0n55/gradle-2.1/lib/plugins/jarjar-maven-aether-provider-3.0.4.jar
7f83a1791000-7f83a17a1000 r-xp 00000000 08:01 941293                     /usr/lib/jvm/java-7-openjdk-amd64/jre/lib/amd64/libnio.so
7f83a17a1000-7f83a19a1000 ---p 00010000 08:01 941293                     /usr/lib/jvm/java-7-openjdk-amd64/jre/lib/amd64/libnio.so
7f83a19a1000-7f83a19a2000 r--p 00010000 08:01 941293                     /usr/lib/jvm/java-7-openjdk-amd64/jre/lib/amd64/libnio.so
7f83a19a2000-7f83a19a3000 rw-p 00011000 08:01 941293                     /usr/lib/jvm/java-7-openjdk-amd64/jre/lib/amd64/libnio.so
7f83a19a3000-7f83a19d4000 rw-p 00000000 00:00 0 
7f83a19d4000-7f83a1a11000 r-xp 00000000 08:01 922022                     /lib/x86_64-linux-gnu/libpcre.so.3.13.1
7f83a1a11000-7f83a1c10000 ---p 0003d000 08:01 922022                     /lib/x86_64-linux-gnu/libpcre.so.3.13.1
7f83a1c10000-7f83a1c11000 r--p 0003c000 08:01 922022                     /lib/x86_64-linux-gnu/libpcre.so.3.13.1
7f83a1c11000-7f83a1c12000 rw-p 0003d000 08:01 922022                     /lib/x86_64-linux-gnu/libpcre.so.3.13.1
7f83a1c12000-7f83a1c19000 r-xp 00000000 08:01 797232                     /usr/lib/x86_64-linux-gnu/libffi.so.6.0.1
7f83a1c19000-7f83a1e18000 ---p 00007000 08:01 797232                     /usr/lib/x86_64-linux-gnu/libffi.so.6.0.1
7f83a1e18000-7f83a1e19000 r--p 00006000 08:01 797232                     /usr/lib/x86_64-linux-gnu/libffi.so.6.0.1
7f83a1e19000-7f83a1e1a000 rw-p 00007000 08:01 797232                     /usr/lib/x86_64-linux-gnu/libffi.so.6.0.1
7f83a1e1a000-7f83a1e31000 r-xp 00000000 08:01 944282                     /lib/x86_64-linux-gnu/libresolv-2.19.so
7f83a1e31000-7f83a2031000 ---p 00017000 08:01 944282                     /lib/x86_64-linux-gnu/libresolv-2.19.so
7f83a2031000-7f83a2032000 r--p 00017000 08:01 944282                     /lib/x86_64-linux-gnu/libresolv-2.19.so
7f83a2032000-7f83a2033000 rw-p 00018000 08:01 944282                     /lib/x86_64-linux-gnu/libresolv-2.19.so
7f83a2033000-7f83a2035000 rw-p 00000000 00:00 0 
7f83a2035000-7f83a2055000 r-xp 00000000 08:01 921903                     /lib/x86_64-linux-gnu/libselinux.so.1
7f83a2055000-7f83a2254000 ---p 00020000 08:01 921903                     /lib/x86_64-linux-gnu/libselinux.so.1
7f83a2254000-7f83a2255000 r--p 0001f000 08:01 921903                     /lib/x86_64-linux-gnu/libselinux.so.1
7f83a2255000-7f83a2256000 rw-p 00020000 08:01 921903                     /lib/x86_64-linux-gnu/libselinux.so.1
7f83a2256000-7f83a2258000 rw-p 00000000 00:00 0 
7f83a2258000-7f83a225b000 r-xp 00000000 08:01 786807                     /usr/lib/x86_64-linux-gnu/libgmodule-2.0.so.0.4002.0
7f83a225b000-7f83a245a000 ---p 00003000 08:01 786807                     /usr/lib/x86_64-linux-gnu/libgmodule-2.0.so.0.4002.0
7f83a245a000-7f83a245b000 r--p 00002000 08:01 786807                     /usr/lib/x86_64-linux-gnu/libgmodule-2.0.so.0.4002.0
7f83a245b000-7f83a245c000 rw-p 00003000 08:01 786807                     /usr/lib/x86_64-linux-gnu/libgmodule-2.0.so.0.4002.0
7f83a245c000-7f83a2562000 r-xp 00000000 08:01 928800                     /lib/x86_64-linux-gnu/libglib-2.0.so.0.4002.0
7f83a2562000-7f83a2761000 ---p 00106000 08:01 928800                     /lib/x86_64-linux-gnu/libglib-2.0.so.0.4002.0
7f83a2761000-7f83a2762000 r--p 00105000 08:01 928800                     /lib/x86_64-linux-gnu/libglib-2.0.so.0.4002.0
7f83a2762000-7f83a2763000 rw-p 00106000 08:01 928800                     /lib/x86_64-linux-gnu/libglib-2.0.so.0.4002.0
7f83a2763000-7f83a2764000 rw-p 00000000 00:00 0 
7f83a2764000-7f83a27b3000 r-xp 00000000 08:01 786825                     /usr/lib/x86_64-linux-gnu/libgobject-2.0.so.0.4002.0
7f83a27b3000-7f83a29b3000 ---p 0004f000 08:01 786825                     /usr/lib/x86_64-linux-gnu/libgobject-2.0.so.0.4002.0
7f83a29b3000-7f83a29b4000 r--p 0004f000 08:01 786825                     /usr/lib/x86_64-linux-gnu/libgobject-2.0.so.0.4002.0
7f83a29b4000-7f83a29b5000 rw-p 00050000 08:01 786825                     /usr/lib/x86_64-linux-gnu/libgobject-2.0.so.0.4002.0
7f83a29b5000-7f83a2b21000 r-xp 00000000 08:01 786829                     /usr/lib/x86_64-linux-gnu/libgio-2.0.so.0.4002.0
7f83a2b21000-7f83a2d20000 ---p 0016c000 08:01 786829                     /usr/lib/x86_64-linux-gnu/libgio-2.0.so.0.4002.0
7f83a2d20000-7f83a2d24000 r--p 0016b000 08:01 786829                     /usr/lib/x86_64-linux-gnu/libgio-2.0.so.0.4002.0
7f83a2d24000-7f83a2d26000 rw-p 0016f000 08:01 786829                     /usr/lib/x86_64-linux-gnu/libgio-2.0.so.0.4002.0
7f83a2d26000-7f83a2d28000 rw-p 00000000 00:00 0 
7f83a2d28000-7f83a2d30000 r--s 00031000 08:01 525554                     /home/krogh/.gradle/wrapper/dists/gradle-2.1-all/27drb4udbjf4k88eh2ffdc0n55/gradle-2.1/lib/plugins/jarjar-plexus-container-default-1.5.5.jar
7f83a2d30000-7f83a2d31000 r--s 00007000 08:01 525553                     /home/krogh/.gradle/wrapper/dists/gradle-2.1-all/27drb4udbjf4k88eh2ffdc0n55/gradle-2.1/lib/plugins/jarjar-maven-repository-metadata-3.0.4.jar
7f83a2d31000-7f83a2d32000 r--s 0000b000 08:01 525552                     /home/krogh/.gradle/wrapper/dists/gradle-2.1-all/27drb4udbjf4k88eh2ffdc0n55/gradle-2.1/lib/plugins/jarjar-maven-settings-3.0.4.jar
7f83a2d32000-7f83a2d4a000 r--s 000ac000 08:01 525602                     /home/krogh/.gradle/wrapper/dists/gradle-2.1-all/27drb4udbjf4k88eh2ffdc0n55/gradle-2.1/lib/plugins/gradle-core-impl-2.1.jar
7f83a2d4a000-7f83a2d61000 r-xp 00000000 08:01 938206                     /usr/lib/jvm/java-7-openjdk-amd64/jre/lib/amd64/libnet.so
7f83a2d61000-7f83a2f60000 ---p 00017000 08:01 938206                     /usr/lib/jvm/java-7-openjdk-amd64/jre/lib/amd64/libnet.so
7f83a2f60000-7f83a2f61000 r--p 00016000 08:01 938206                     /usr/lib/jvm/java-7-openjdk-amd64/jre/lib/amd64/libnet.so
7f83a2f61000-7f83a2f62000 rw-p 00017000 08:01 938206                     /usr/lib/jvm/java-7-openjdk-amd64/jre/lib/amd64/libnet.so
7f83a2f62000-7f83a2f63000 r--s 00005000 08:01 525504                     /home/krogh/.gradle/wrapper/dists/gradle-2.1-all/27drb4udbjf4k88eh2ffdc0n55/gradle-2.1/lib/gradle-wrapper-2.1.jar
7f83a2f63000-7f83a2f6c000 r--s 0002a000 08:01 525509                     /home/krogh/.gradle/wrapper/dists/gradle-2.1-all/27drb4udbjf4k88eh2ffdc0n55/gradle-2.1/lib/gradle-tooling-api-2.1.jar
7f83a2f6c000-7f83a2f6e000 r--s 00002000 08:01 525533                     /home/krogh/.gradle/wrapper/dists/gradle-2.1-all/27drb4udbjf4k88eh2ffdc0n55/gradle-2.1/lib/gradle-open-api-2.1.jar
7f83a2f6e000-7f83a2f74000 r--s 00032000 08:01 525535                     /home/krogh/.gradle/wrapper/dists/gradle-2.1-all/27drb4udbjf4k88eh2ffdc0n55/gradle-2.1/lib/jaxen-1.1.jar
7f83a2f74000-7f83a2f79000 r--s 00048000 08:01 525534                     /home/krogh/.gradle/wrapper/dists/gradle-2.1-all/27drb4udbjf4k88eh2ffdc0n55/gradle-2.1/lib/dom4j-1.6.1.jar
7f83a2f79000-7f83a2f84000 r--s 00059000 08:01 525508                     /home/krogh/.gradle/wrapper/dists/gradle-2.1-all/27drb4udbjf4k88eh2ffdc0n55/gradle-2.1/lib/gradle-ui-2.1.jar
7f83a2f84000-7f83a2f86000 r--s 00006000 08:01 525529                     /home/krogh/.gradle/wrapper/dists/gradle-2.1-all/27drb4udbjf4k88eh2ffdc0n55/gradle-2.1/lib/gradle-resources-2.1.jar
7f83a2f86000-7f83a2f88000 r--s 00007000 08:01 525551                     /home/krogh/.gradle/wrapper/dists/gradle-2.1-all/27drb4udbjf4k88eh2ffdc0n55/gradle-2.1/lib/objenesis-1.2.jar
7f83a2f88000-7f83a2f8a000 r--s 00000000 08:01 525550                     /home/krogh/.gradle/wrapper/dists/gradle-2.1-all/27drb4udbjf4k88eh2ffdc0n55/gradle-2.1/lib/minlog-1.2.jar
7f83a2f8a000-7f83a2f8c000 r--s 0000f000 08:01 525549                     /home/krogh/.gradle/wrapper/dists/gradle-2.1-all/27drb4udbjf4k88eh2ffdc0n55/gradle-2.1/lib/reflectasm-1.07-shaded.jar
7f83a2f8c000-7f83a2f90000 r--s 00026000 08:01 525540                     /home/krogh/.gradle/wrapper/dists/gradle-2.1-all/27drb4udbjf4k88eh2ffdc0n55/gradle-2.1/lib/kryo-2.20.jar
7f83a2f90000-7f83a2f98000 r--s 00039000 08:01 525528                     /home/krogh/.gradle/wrapper/dists/gradle-2.1-all/27drb4udbjf4k88eh2ffdc0n55/gradle-2.1/lib/gradle-messaging-2.1.jar
7f83a2f98000-7f83a2f99000 r--s 00003000 08:01 525548                     /home/krogh/.gradle/wrapper/dists/gradle-2.1-all/27drb4udbjf4k88eh2ffdc0n55/gradle-2.1/lib/native-platform-freebsd-amd64-0.10.jar
7f83a2f99000-7f83a2f9a000 r--s 00003000 08:01 525547                     /home/krogh/.gradle/wrapper/dists/gradle-2.1-all/27drb4udbjf4k88eh2ffdc0n55/gradle-2.1/lib/native-platform-freebsd-i386-0.10.jar
7f83a2f9a000-7f83a2f9b000 r--s 00005000 08:01 525546                     /home/krogh/.gradle/wrapper/dists/gradle-2.1-all/27drb4udbjf4k88eh2ffdc0n55/gradle-2.1/lib/native-platform-windows-i386-0.10.jar
7f83a2f9b000-7f83a2f9c000 r--s 00005000 08:01 525545                     /home/krogh/.gradle/wrapper/dists/gradle-2.1-all/27drb4udbjf4k88eh2ffdc0n55/gradle-2.1/lib/native-platform-windows-amd64-0.10.jar
7f83a2f9c000-7f83a2f9d000 r--s 00003000 08:01 525544                     /home/krogh/.gradle/wrapper/dists/gradle-2.1-all/27drb4udbjf4k88eh2ffdc0n55/gradle-2.1/lib/native-platform-linux-i386-0.10.jar
7f83a2f9d000-7f83a2f9e000 r--s 00003000 08:01 525543                     /home/krogh/.gradle/wrapper/dists/gradle-2.1-all/27drb4udbjf4k88eh2ffdc0n55/gradle-2.1/lib/native-platform-linux-amd64-0.10.jar
7f83a2f9e000-7f83a2f9f000 r--s 00002000 08:01 525542                     /home/krogh/.gradle/wrapper/dists/gradle-2.1-all/27drb4udbjf4k88eh2ffdc0n55/gradle-2.1/lib/native-platform-osx-amd64-0.10.jar
7f83a2f9f000-7f83a2fa0000 r--s 00002000 08:01 525541                     /home/krogh/.gradle/wrapper/dists/gradle-2.1-all/27drb4udbjf4k88eh2ffdc0n55/gradle-2.1/lib/native-platform-osx-i386-0.10.jar
7f83a2fa0000-7f83a2fa3000 r--s 0000d000 08:01 525537                     /home/krogh/.gradle/wrapper/dists/gradle-2.1-all/27drb4udbjf4k88eh2ffdc0n55/gradle-2.1/lib/native-platform-0.10.jar
7f83a2fa3000-7f83a2fa7000 r--s 000e4000 08:01 525536                     /home/krogh/.gradle/wrapper/dists/gradle-2.1-all/27drb4udbjf4k88eh2ffdc0n55/gradle-2.1/lib/jna-3.2.7.jar
7f83a2fa7000-7f83a2faa000 r--s 00007000 08:01 525510                     /home/krogh/.gradle/wrapper/dists/gradle-2.1-all/27drb4udbjf4k88eh2ffdc0n55/gradle-2.1/lib/gradle-native-2.1.jar
7f83a2faa000-7f83a3015000 r--s 00685000 08:01 525513                     /home/krogh/.gradle/wrapper/dists/gradle-2.1-all/27drb4udbjf4k88eh2ffdc0n55/gradle-2.1/lib/groovy-all-2.3.6.jar
7f83a3015000-7f83a3016000 ---p 00000000 00:00 0 
7f83a3016000-7f83a3116000 rw-p 00000000 00:00 0                          [stack:31664]
7f83a3116000-7f83a3119000 ---p 00000000 00:00 0 
7f83a3119000-7f83a3217000 rw-p 00000000 00:00 0                          [stack:31663]
7f83a3217000-7f83a321a000 ---p 00000000 00:00 0 
7f83a321a000-7f83a3318000 rw-p 00000000 00:00 0                          [stack:31662]
7f83a3318000-7f83a331b000 ---p 00000000 00:00 0 
7f83a331b000-7f83a3419000 rw-p 00000000 00:00 0                          [stack:31661]
7f83a3419000-7f83a341c000 ---p 00000000 00:00 0 
7f83a341c000-7f83a351a000 rw-p 00000000 00:00 0                          [stack:31660]
7f83a351a000-7f83a3bfc000 r--p 00000000 08:01 794652                     /usr/lib/locale/locale-archive
7f83a3bfc000-7f83a3bff000 ---p 00000000 00:00 0 
7f83a3bff000-7f83a3cfd000 rw-p 00000000 00:00 0                          [stack:31659]
7f83a3cfd000-7f83a3d00000 ---p 00000000 00:00 0 
7f83a3d00000-7f83a3dfe000 rw-p 00000000 00:00 0                          [stack:31658]
7f83a3dfe000-7f83a3dff000 ---p 00000000 00:00 0 
7f83a3dff000-7f83a4000000 rw-p 00000000 00:00 0                          [stack:31657]
7f83a4000000-7f83a4044000 rw-p 00000000 00:00 0 
7f83a4044000-7f83a8000000 ---p 00000000 00:00 0 
7f83a8000000-7f83a8021000 rw-p 00000000 00:00 0 
7f83a8021000-7f83ac000000 ---p 00000000 00:00 0 
7f83ac000000-7f83ac021000 rw-p 00000000 00:00 0 
7f83ac021000-7f83b0000000 ---p 00000000 00:00 0 
7f83b0000000-7f83b0002000 r--s 00008000 08:01 525538                     /home/krogh/.gradle/wrapper/dists/gradle-2.1-all/27drb4udbjf4k88eh2ffdc0n55/gradle-2.1/lib/jansi-1.2.1.jar
7f83b0002000-7f83b0004000 r--s 00005000 08:01 525507                     /home/krogh/.gradle/wrapper/dists/gradle-2.1-all/27drb4udbjf4k88eh2ffdc0n55/gradle-2.1/lib/gradle-cli-2.1.jar
7f83b0004000-7f83b0005000 r--s 00001000 08:01 525527                     /home/krogh/.gradle/wrapper/dists/gradle-2.1-all/27drb4udbjf4k88eh2ffdc0n55/gradle-2.1/lib/gradle-base-services-groovy-2.1.jar
7f83b0005000-7f83b0007000 r--s 00000000 08:01 525515                     /home/krogh/.gradle/wrapper/dists/gradle-2.1-all/27drb4udbjf4k88eh2ffdc0n55/gradle-2.1/lib/gradle-model-groovy-2.1.jar
7f83b0007000-7f83b000a000 r--s 00011000 08:01 525514                     /home/krogh/.gradle/wrapper/dists/gradle-2.1-all/27drb4udbjf4k88eh2ffdc0n55/gradle-2.1/lib/gradle-model-core-2.1.jar
7f83b000a000-7f83b000c000 r--s 00003000 08:01 525532                     /home/krogh/.gradle/wrapper/dists/gradle-2.1-all/27drb4udbjf4k88eh2ffdc0n55/gradle-2.1/lib/jcl-over-slf4j-1.7.5.jar
7f83b000c000-7f83b000e000 r--s 00004000 08:01 525531                     /home/krogh/.gradle/wrapper/dists/gradle-2.1-all/27drb4udbjf4k88eh2ffdc0n55/gradle-2.1/lib/log4j-over-slf4j-1.7.5.jar
7f83b000e000-7f83b0011000 r--s 0001b000 08:01 525525                     /home/krogh/.gradle/wrapper/dists/gradle-2.1-all/27drb4udbjf4k88eh2ffdc0n55/gradle-2.1/lib/jarjar-1.3.jar
7f83b0011000-7f83b0017000 r--s 0003b000 08:01 525522                     /home/krogh/.gradle/wrapper/dists/gradle-2.1-all/27drb4udbjf4k88eh2ffdc0n55/gradle-2.1/lib/logback-classic-1.0.13.jar
7f83b0017000-7f83b0021000 r--s 0005d000 08:01 525521                     /home/krogh/.gradle/wrapper/dists/gradle-2.1-all/27drb4udbjf4k88eh2ffdc0n55/gradle-2.1/lib/logback-core-1.0.13.jar
7f83b0021000-7f83b0026000 r--s 00041000 08:01 525520                     /home/krogh/.gradle/wrapper/dists/gradle-2.1-all/27drb4udbjf4k88eh2ffdc0n55/gradle-2.1/lib/commons-lang-2.6.jar
7f83b0026000-7f83b0034000 r--s 0007f000 08:01 525518                     /home/krogh/.gradle/wrapper/dists/gradle-2.1-all/27drb4udbjf4k88eh2ffdc0n55/gradle-2.1/lib/commons-collections-3.2.1.jar
7f83b0034000-7f83b005c000 r--s 001cf000 08:01 525512                     /home/krogh/.gradle/wrapper/dists/gradle-2.1-all/27drb4udbjf4k88eh2ffdc0n55/gradle-2.1/lib/guava-jdk5-17.0.jar
7f83b005c000-7f83b007b000 r--s 001cc000 08:01 525517                     /home/krogh/.gradle/wrapper/dists/gradle-2.1-all/27drb4udbjf4k88eh2ffdc0n55/gradle-2.1/lib/ant-1.9.3.jar
7f83b007b000-7f83b00ac000 r--s 0018f000 08:01 525506                     /home/krogh/.gradle/wrapper/dists/gradle-2.1-all/27drb4udbjf4k88eh2ffdc0n55/gradle-2.1/lib/gradle-core-2.1.jar
7f83b00ac000-7f83b0f87000 rw-p 00000000 00:00 0 
7f83b0f87000-7f83b1138000 r--s 01d25000 08:01 941335                     /usr/lib/jvm/java-7-openjdk-amd64/jre/lib/rt.jar
7f83b1138000-7f83b3c89000 rw-p 00000000 00:00 0 
7f83b3c89000-7f83b3c8a000 ---p 00000000 00:00 0 
7f83b3c8a000-7f83b3d8a000 rw-p 00000000 00:00 0                          [stack:31653]
7f83b3d8a000-7f83b3d8b000 ---p 00000000 00:00 0 
7f83b3d8b000-7f83b3e8b000 rw-p 00000000 00:00 0                          [stack:31652]
7f83b3e8b000-7f83b3e8c000 ---p 00000000 00:00 0 
7f83b3e8c000-7f83b3f8c000 rw-p 00000000 00:00 0                          [stack:31651]
7f83b3f8c000-7f83b3f8d000 ---p 00000000 00:00 0 
7f83b3f8d000-7f83b40c6000 rw-p 00000000 00:00 0                          [stack:31650]
7f83b40c6000-7f83b410d000 rw-p 00000000 00:00 0 
7f83b410d000-7f83b4146000 rw-p 00000000 00:00 0 
7f83b4146000-7f83b418d000 rw-p 00000000 00:00 0 
7f83b418d000-7f83b41c0000 rw-p 00000000 00:00 0 
7f83b41c0000-7f83b42e2000 rw-p 00000000 00:00 0 
7f83b42e2000-7f83b4367000 rw-p 00000000 00:00 0 
7f83b4367000-7f83b4368000 ---p 00000000 00:00 0 
7f83b4368000-7f83b438d000 rw-p 00000000 00:00 0 
7f83b438d000-7f83b438e000 rw-p 00000000 00:00 0 
7f83b438e000-7f83b493e000 rwxp 00000000 00:00 0 
7f83b493e000-7f83b738e000 rw-p 00000000 00:00 0 
7f83b738e000-7f83b7396000 r-xp 00000000 08:01 938197                     /usr/lib/jvm/java-7-openjdk-amd64/jre/lib/amd64/libzip.so
7f83b7396000-7f83b7595000 ---p 00008000 08:01 938197                     /usr/lib/jvm/java-7-openjdk-amd64/jre/lib/amd64/libzip.so
7f83b7595000-7f83b7596000 r--p 00007000 08:01 938197                     /usr/lib/jvm/java-7-openjdk-amd64/jre/lib/amd64/libzip.so
7f83b7596000-7f83b7597000 rw-p 00008000 08:01 938197                     /usr/lib/jvm/java-7-openjdk-amd64/jre/lib/amd64/libzip.so
7f83b7597000-7f83b75a2000 r-xp 00000000 08:01 944296                     /lib/x86_64-linux-gnu/libnss_files-2.19.so
7f83b75a2000-7f83b77a1000 ---p 0000b000 08:01 944296                     /lib/x86_64-linux-gnu/libnss_files-2.19.so
7f83b77a1000-7f83b77a2000 r--p 0000a000 08:01 944296                     /lib/x86_64-linux-gnu/libnss_files-2.19.so
7f83b77a2000-7f83b77a3000 rw-p 0000b000 08:01 944296                     /lib/x86_64-linux-gnu/libnss_files-2.19.so
7f83b77a3000-7f83b77ae000 r-xp 00000000 08:01 944297                     /lib/x86_64-linux-gnu/libnss_nis-2.19.so
7f83b77ae000-7f83b79ad000 ---p 0000b000 08:01 944297                     /lib/x86_64-linux-gnu/libnss_nis-2.19.so
7f83b79ad000-7f83b79ae000 r--p 0000a000 08:01 944297                     /lib/x86_64-linux-gnu/libnss_nis-2.19.so
7f83b79ae000-7f83b79af000 rw-p 0000b000 08:01 944297                     /lib/x86_64-linux-gnu/libnss_nis-2.19.so
7f83b79af000-7f83b79c6000 r-xp 00000000 08:01 944283                     /lib/x86_64-linux-gnu/libnsl-2.19.so
7f83b79c6000-7f83b7bc5000 ---p 00017000 08:01 944283                     /lib/x86_64-linux-gnu/libnsl-2.19.so
7f83b7bc5000-7f83b7bc6000 r--p 00016000 08:01 944283                     /lib/x86_64-linux-gnu/libnsl-2.19.so
7f83b7bc6000-7f83b7bc7000 rw-p 00017000 08:01 944283                     /lib/x86_64-linux-gnu/libnsl-2.19.so
7f83b7bc7000-7f83b7bc9000 rw-p 00000000 00:00 0 
7f83b7bc9000-7f83b7bd2000 r-xp 00000000 08:01 943924                     /lib/x86_64-linux-gnu/libnss_compat-2.19.so
7f83b7bd2000-7f83b7dd1000 ---p 00009000 08:01 943924                     /lib/x86_64-linux-gnu/libnss_compat-2.19.so
7f83b7dd1000-7f83b7dd2000 r--p 00008000 08:01 943924                     /lib/x86_64-linux-gnu/libnss_compat-2.19.so
7f83b7dd2000-7f83b7dd3000 rw-p 00009000 08:01 943924                     /lib/x86_64-linux-gnu/libnss_compat-2.19.so
7f83b7dd3000-7f83b7dfe000 r-xp 00000000 08:01 938204                     /usr/lib/jvm/java-7-openjdk-amd64/jre/lib/amd64/libjava.so
7f83b7dfe000-7f83b7ffd000 ---p 0002b000 08:01 938204                     /usr/lib/jvm/java-7-openjdk-amd64/jre/lib/amd64/libjava.so
7f83b7ffd000-7f83b7ffe000 r--p 0002a000 08:01 938204                     /usr/lib/jvm/java-7-openjdk-amd64/jre/lib/amd64/libjava.so
7f83b7ffe000-7f83b8000000 rw-p 0002b000 08:01 938204                     /usr/lib/jvm/java-7-openjdk-amd64/jre/lib/amd64/libjava.so
7f83b8000000-7f83b8a10000 rw-p 00000000 00:00 0 
7f83b8a10000-7f83bc000000 ---p 00000000 00:00 0 
7f83bc000000-7f83bc001000 r--s 00000000 08:01 525530                     /home/krogh/.gradle/wrapper/dists/gradle-2.1-all/27drb4udbjf4k88eh2ffdc0n55/gradle-2.1/lib/gradle-docs-2.1.jar
7f83bc001000-7f83bc002000 r--s 00000000 08:01 525526                     /home/krogh/.gradle/wrapper/dists/gradle-2.1-all/27drb4udbjf4k88eh2ffdc0n55/gradle-2.1/lib/javax.inject-1.jar
7f83bc002000-7f83bc003000 r--s 00001000 08:01 525524                     /home/krogh/.gradle/wrapper/dists/gradle-2.1-all/27drb4udbjf4k88eh2ffdc0n55/gradle-2.1/lib/jul-to-slf4j-1.7.5.jar
7f83bc003000-7f83bc098000 rw-p 00000000 00:00 0 
7f83bc098000-7f83bc1bb000 rw-p 00000000 00:00 0 
7f83bc1bb000-7f83bc1cb000 r-xp 00000000 08:01 941292                     /usr/lib/jvm/java-7-openjdk-amd64/jre/lib/amd64/libverify.so
7f83bc1cb000-7f83bc3ca000 ---p 00010000 08:01 941292                     /usr/lib/jvm/java-7-openjdk-amd64/jre/lib/amd64/libverify.so
7f83bc3ca000-7f83bc3cc000 r--p 0000f000 08:01 941292                     /usr/lib/jvm/java-7-openjdk-amd64/jre/lib/amd64/libverify.so
7f83bc3cc000-7f83bc3cd000 rw-p 00011000 08:01 941292                     /usr/lib/jvm/java-7-openjdk-amd64/jre/lib/amd64/libverify.so
7f83bc3cd000-7f83bc3d4000 r-xp 00000000 08:01 944285                     /lib/x86_64-linux-gnu/librt-2.19.so
7f83bc3d4000-7f83bc5d3000 ---p 00007000 08:01 944285                     /lib/x86_64-linux-gnu/librt-2.19.so
7f83bc5d3000-7f83bc5d4000 r--p 00006000 08:01 944285                     /lib/x86_64-linux-gnu/librt-2.19.so
7f83bc5d4000-7f83bc5d5000 rw-p 00007000 08:01 944285                     /lib/x86_64-linux-gnu/librt-2.19.so
7f83bc5d5000-7f83bc5eb000 r-xp 00000000 08:01 942372                     /lib/x86_64-linux-gnu/libgcc_s.so.1
7f83bc5eb000-7f83bc7ea000 ---p 00016000 08:01 942372                     /lib/x86_64-linux-gnu/libgcc_s.so.1
7f83bc7ea000-7f83bc7eb000 rw-p 00015000 08:01 942372                     /lib/x86_64-linux-gnu/libgcc_s.so.1
7f83bc7eb000-7f83bc8f0000 r-xp 00000000 08:01 944292                     /lib/x86_64-linux-gnu/libm-2.19.so
7f83bc8f0000-7f83bcaef000 ---p 00105000 08:01 944292                     /lib/x86_64-linux-gnu/libm-2.19.so
7f83bcaef000-7f83bcaf0000 r--p 00104000 08:01 944292                     /lib/x86_64-linux-gnu/libm-2.19.so
7f83bcaf0000-7f83bcaf1000 rw-p 00105000 08:01 944292                     /lib/x86_64-linux-gnu/libm-2.19.so
7f83bcaf1000-7f83bcbd7000 r-xp 00000000 08:01 797860                     /usr/lib/x86_64-linux-gnu/libstdc++.so.6.0.19
7f83bcbd7000-7f83bcdd6000 ---p 000e6000 08:01 797860                     /usr/lib/x86_64-linux-gnu/libstdc++.so.6.0.19
7f83bcdd6000-7f83bcdde000 r--p 000e5000 08:01 797860                     /usr/lib/x86_64-linux-gnu/libstdc++.so.6.0.19
7f83bcdde000-7f83bcde0000 rw-p 000ed000 08:01 797860                     /usr/lib/x86_64-linux-gnu/libstdc++.so.6.0.19
7f83bcde0000-7f83bcdf5000 rw-p 00000000 00:00 0 
7f83bcdf5000-7f83bd90b000 r-xp 00000000 08:01 941298                     /usr/lib/jvm/java-7-openjdk-amd64/jre/lib/amd64/server/libjvm.so
7f83bd90b000-7f83bdb0a000 ---p 00b16000 08:01 941298                     /usr/lib/jvm/java-7-openjdk-amd64/jre/lib/amd64/server/libjvm.so
7f83bdb0a000-7f83bdba4000 r--p 00b15000 08:01 941298                     /usr/lib/jvm/java-7-openjdk-amd64/jre/lib/amd64/server/libjvm.so
7f83bdba4000-7f83bdbc7000 rw-p 00baf000 08:01 941298                     /usr/lib/jvm/java-7-openjdk-amd64/jre/lib/amd64/server/libjvm.so
7f83bdbc7000-7f83bdbf5000 rw-p 00000000 00:00 0 
7f83bdbf5000-7f83bdc0d000 r-xp 00000000 08:01 922082                     /lib/x86_64-linux-gnu/libz.so.1.2.8
7f83bdc0d000-7f83bde0c000 ---p 00018000 08:01 922082                     /lib/x86_64-linux-gnu/libz.so.1.2.8
7f83bde0c000-7f83bde0d000 r--p 00017000 08:01 922082                     /lib/x86_64-linux-gnu/libz.so.1.2.8
7f83bde0d000-7f83bde0e000 rw-p 00018000 08:01 922082                     /lib/x86_64-linux-gnu/libz.so.1.2.8
7f83bde0e000-7f83bde27000 r-xp 00000000 08:01 944302                     /lib/x86_64-linux-gnu/libpthread-2.19.so
7f83bde27000-7f83be026000 ---p 00019000 08:01 944302                     /lib/x86_64-linux-gnu/libpthread-2.19.so
7f83be026000-7f83be027000 r--p 00018000 08:01 944302                     /lib/x86_64-linux-gnu/libpthread-2.19.so
7f83be027000-7f83be028000 rw-p 00019000 08:01 944302                     /lib/x86_64-linux-gnu/libpthread-2.19.so
7f83be028000-7f83be02c000 rw-p 00000000 00:00 0 
7f83be02c000-7f83be02f000 r-xp 00000000 08:01 944301                     /lib/x86_64-linux-gnu/libdl-2.19.so
7f83be02f000-7f83be22e000 ---p 00003000 08:01 944301                     /lib/x86_64-linux-gnu/libdl-2.19.so
7f83be22e000-7f83be22f000 r--p 00002000 08:01 944301                     /lib/x86_64-linux-gnu/libdl-2.19.so
7f83be22f000-7f83be230000 rw-p 00003000 08:01 944301                     /lib/x86_64-linux-gnu/libdl-2.19.so
7f83be230000-7f83be3eb000 r-xp 00000000 08:01 944289                     /lib/x86_64-linux-gnu/libc-2.19.so
7f83be3eb000-7f83be5eb000 ---p 001bb000 08:01 944289                     /lib/x86_64-linux-gnu/libc-2.19.so
7f83be5eb000-7f83be5ef000 r--p 001bb000 08:01 944289                     /lib/x86_64-linux-gnu/libc-2.19.so
7f83be5ef000-7f83be5f1000 rw-p 001bf000 08:01 944289                     /lib/x86_64-linux-gnu/libc-2.19.so
7f83be5f1000-7f83be5f6000 rw-p 00000000 00:00 0 
7f83be5f6000-7f83be603000 r-xp 00000000 08:01 938201                     /usr/lib/jvm/java-7-openjdk-amd64/jre/lib/amd64/jli/libjli.so
7f83be603000-7f83be802000 ---p 0000d000 08:01 938201                     /usr/lib/jvm/java-7-openjdk-amd64/jre/lib/amd64/jli/libjli.so
7f83be802000-7f83be803000 r--p 0000c000 08:01 938201                     /usr/lib/jvm/java-7-openjdk-amd64/jre/lib/amd64/jli/libjli.so
7f83be803000-7f83be804000 rw-p 0000d000 08:01 938201                     /usr/lib/jvm/java-7-openjdk-amd64/jre/lib/amd64/jli/libjli.so
7f83be804000-7f83be827000 r-xp 00000000 08:01 944290                     /lib/x86_64-linux-gnu/ld-2.19.so
7f83be827000-7f83be82a000 r--s 00018000 08:01 525519                     /home/krogh/.gradle/wrapper/dists/gradle-2.1-all/27drb4udbjf4k88eh2ffdc0n55/gradle-2.1/lib/commons-io-1.4.jar
7f83be82a000-7f83be82f000 r--s 00036000 08:01 525516                     /home/krogh/.gradle/wrapper/dists/gradle-2.1-all/27drb4udbjf4k88eh2ffdc0n55/gradle-2.1/lib/asm-all-5.0.3.jar
7f83be82f000-7f83be835000 r--s 00025000 08:01 525505                     /home/krogh/.gradle/wrapper/dists/gradle-2.1-all/27drb4udbjf4k88eh2ffdc0n55/gradle-2.1/lib/gradle-base-services-2.1.jar
7f83be835000-7f83be83c000 r--s 0003a000 08:01 525503                     /home/krogh/.gradle/wrapper/dists/gradle-2.1-all/27drb4udbjf4k88eh2ffdc0n55/gradle-2.1/lib/gradle-launcher-2.1.jar
7f83be83c000-7f83be853000 rw-p 00000000 00:00 0 
7f83be853000-7f83be8fc000 rw-p 00000000 00:00 0 
7f83be8fc000-7f83be8ff000 ---p 00000000 00:00 0 
7f83be8ff000-7f83bea02000 rw-p 00000000 00:00 0                          [stack:31649]
7f83bea02000-7f83bea03000 r--s 00000000 08:01 525523                     /home/krogh/.gradle/wrapper/dists/gradle-2.1-all/27drb4udbjf4k88eh2ffdc0n55/gradle-2.1/lib/jcip-annotations-1.0.jar
7f83bea03000-7f83bea05000 r--s 00005000 08:01 525511                     /home/krogh/.gradle/wrapper/dists/gradle-2.1-all/27drb4udbjf4k88eh2ffdc0n55/gradle-2.1/lib/slf4j-api-1.7.5.jar
7f83bea05000-7f83bea06000 r--s 00004000 08:01 525539                     /home/krogh/.gradle/wrapper/dists/gradle-2.1-all/27drb4udbjf4k88eh2ffdc0n55/gradle-2.1/lib/ant-launcher-1.9.3.jar
7f83bea06000-7f83bea0a000 r--s 00034000 08:01 941333                     /usr/lib/jvm/java-7-openjdk-amd64/jre/lib/ext/sunjce_provider.jar
7f83bea0a000-7f83bea0e000 r--s 00085000 08:01 941332                     /usr/lib/jvm/java-7-openjdk-amd64/jre/lib/ext/localedata.jar
7f83bea0e000-7f83bea10000 r--s 00012000 08:01 941330                     /usr/lib/jvm/java-7-openjdk-amd64/jre/lib/ext/zipfs.jar
7f83bea10000-7f83bea11000 r--s 00002000 08:01 941334                     /usr/lib/jvm/java-7-openjdk-amd64/jre/lib/ext/dnsns.jar
7f83bea11000-7f83bea13000 r--s 00006000 08:01 154037                     /usr/share/java/java-atk-wrapper.jar
7f83bea13000-7f83bea16000 r--s 0000f000 08:01 941329                     /usr/lib/jvm/java-7-openjdk-amd64/jre/lib/ext/icedtea-sound.jar
7f83bea16000-7f83bea1a000 r--s 0003c000 08:01 941331                     /usr/lib/jvm/java-7-openjdk-amd64/jre/lib/ext/sunpkcs11.jar
7f83bea1a000-7f83bea22000 rw-s 00000000 08:01 151279                     /tmp/hsperfdata_krogh/31646
7f83bea22000-7f83bea23000 rw-p 00000000 00:00 0 
7f83bea23000-7f83bea24000 ---p 00000000 00:00 0 
7f83bea24000-7f83bea26000 rw-p 00000000 00:00 0 
7f83bea26000-7f83bea27000 r--p 00022000 08:01 944290                     /lib/x86_64-linux-gnu/ld-2.19.so
7f83bea27000-7f83bea28000 rw-p 00023000 08:01 944290                     /lib/x86_64-linux-gnu/ld-2.19.so
7f83bea28000-7f83bea29000 rw-p 00000000 00:00 0 
7fff25a96000-7fff25ab7000 rw-p 00000000 00:00 0                          [stack]
7fff25af2000-7fff25af4000 r-xp 00000000 00:00 0                          [vdso]
ffffffffff600000-ffffffffff601000 r-xp 00000000 00:00 0                  [vsyscall]

VM Arguments:
jvm_args: -XX:MaxPermSize=256m -XX:+HeapDumpOnOutOfMemoryError -Xmx1024m -Dfile.encoding=UTF-8 -Duser.country=US -Duser.language=en -Duser.variant 
java_command: org.gradle.launcher.daemon.bootstrap.GradleDaemon 2.1 /home/krogh/.gradle/daemon 10800000 f006e7f1-63b0-4924-ac80-1e8bd94b5e54 -XX:MaxPermSize=256m -XX:+HeapDumpOnOutOfMemoryError -Xmx1024m -Dfile.encoding=UTF-8 -Duser.country=US -Duser.language=en -Duser.variant
Launcher Type: SUN_STANDARD

Environment Variables:
CLASSPATH=./../lib/bootstrap.jar:./../lib/extensions.jar:./../lib/util.jar:./../lib/jdom.jar:./../lib/log4j.jar:./../lib/trove4j.jar:./../lib/jna.jar:/usr/lib/jvm/java-7-openjdk-amd64/lib/tools.jar
PATH=/home/krogh/bin:/usr/local/sbin:/usr/local/bin:/usr/sbin:/usr/bin:/sbin:/bin:/usr/games:/usr/local/games
LD_LIBRARY_PATH=.:
SHELL=/bin/bash
DISPLAY=:0

Signal Handlers:
SIGSEGV: [libjvm.so+0x9495e0], sa_mask[0]=0x7ffbfeff, sa_flags=0x10000004
SIGBUS: [libjvm.so+0x9495e0], sa_mask[0]=0x7ffbfeff, sa_flags=0x10000004
SIGFPE: [libjvm.so+0x7c3410], sa_mask[0]=0x7ffbfeff, sa_flags=0x10000004
SIGPIPE: [libjvm.so+0x7c3410], sa_mask[0]=0x7ffbfeff, sa_flags=0x10000004
SIGXFSZ: [libjvm.so+0x7c3410], sa_mask[0]=0x7ffbfeff, sa_flags=0x10000004
SIGILL: [libjvm.so+0x7c3410], sa_mask[0]=0x7ffbfeff, sa_flags=0x10000004
SIGUSR1: SIG_DFL, sa_mask[0]=0x00000000, sa_flags=0x00000000
SIGUSR2: [libjvm.so+0x7c32b0], sa_mask[0]=0x00000004, sa_flags=0x10000004
SIGHUP: [libjvm.so+0x7c3490], sa_mask[0]=0x7ffbfeff, sa_flags=0x10000004
SIGINT: [libjvm.so+0x7c3490], sa_mask[0]=0x7ffbfeff, sa_flags=0x10000004
SIGTERM: [libjvm.so+0x7c3490], sa_mask[0]=0x7ffbfeff, sa_flags=0x10000004
SIGQUIT: [libjvm.so+0x7c3490], sa_mask[0]=0x7ffbfeff, sa_flags=0x10000004
SIGTRAP: SIG_DFL, sa_mask[0]=0x00000000, sa_flags=0x00000000


---------------  S Y S T E M  ---------------

OS:Ubuntu 14.04 (trusty)
uname:Linux 3.13.0-39-generic #66-Ubuntu SMP Tue Oct 28 13:30:27 UTC 2014 x86_64
libc:glibc 2.19 NPTL 2.19 
rlimit: STACK 8192k, CORE 0k, NPROC 23853, NOFILE 4096, AS infinity
load average:1.50 1.04 0.97

/proc/meminfo:
MemTotal:        3074856 kB
MemFree:           63580 kB
Buffers:             140 kB
Cached:            46948 kB
SwapCached:         6112 kB
Active:          2226660 kB
Inactive:         560644 kB
Active(anon):    2223228 kB
Inactive(anon):   557192 kB
Active(file):       3432 kB
Inactive(file):     3452 kB
Unevictable:         344 kB
Mlocked:             344 kB
SwapTotal:       1046524 kB
SwapFree:              0 kB
Dirty:                32 kB
Writeback:             0 kB
AnonPages:       2737044 kB
Mapped:            39784 kB
Shmem:             39616 kB
Slab:              76268 kB
SReclaimable:      30640 kB
SUnreclaim:        45628 kB
KernelStack:        7400 kB
PageTables:        55644 kB
NFS_Unstable:          0 kB
Bounce:                0 kB
WritebackTmp:          0 kB
CommitLimit:     2583952 kB
Committed_AS:    8792128 kB
VmallocTotal:   34359738367 kB
VmallocUsed:      168044 kB
VmallocChunk:   34359482676 kB
HardwareCorrupted:     0 kB
AnonHugePages:    694272 kB
HugePages_Total:       0
HugePages_Free:        0
HugePages_Rsvd:        0
HugePages_Surp:        0
Hugepagesize:       2048 kB
DirectMap4k:       85888 kB
DirectMap2M:     3059712 kB


CPU:total 4 (1 cores per cpu, 1 threads per core) family 6 model 37 stepping 5, cmov, cx8, fxsr, mmx, sse, sse2, sse3, ssse3, sse4.1, sse4.2, popcnt, tsc, tscinvbit

/proc/cpuinfo:
processor	: 0
vendor_id	: GenuineIntel
cpu family	: 6
model		: 37
model name	: Intel(R) Core(TM) i5 CPU       M 450  @ 2.40GHz
stepping	: 5
microcode	: 0x3
cpu MHz		: 2394.414
cache size	: 3072 KB
physical id	: 0
siblings	: 1
core id		: 0
cpu cores	: 1
apicid		: 0
initial apicid	: 0
fpu		: yes
fpu_exception	: yes
cpuid level	: 11
wp		: yes
flags		: fpu vme de pse tsc msr pae mce cx8 apic sep mtrr pge mca cmov pat pse36 clflush dts mmx fxsr sse sse2 ss syscall nx rdtscp lm constant_tsc arch_perfmon pebs bts nopl xtopology tsc_reliable nonstop_tsc aperfmperf pni ssse3 cx16 sse4_1 sse4_2 x2apic popcnt hypervisor lahf_lm ida arat dtherm
bogomips	: 4788.82
clflush size	: 64
cache_alignment	: 64
address sizes	: 40 bits physical, 48 bits virtual
power management:

processor	: 1
vendor_id	: GenuineIntel
cpu family	: 6
model		: 37
model name	: Intel(R) Core(TM) i5 CPU       M 450  @ 2.40GHz
stepping	: 5
microcode	: 0x3
cpu MHz		: 2394.414
cache size	: 3072 KB
physical id	: 2
siblings	: 1
core id		: 0
cpu cores	: 1
apicid		: 2
initial apicid	: 2
fpu		: yes
fpu_exception	: yes
cpuid level	: 11
wp		: yes
flags		: fpu vme de pse tsc msr pae mce cx8 apic sep mtrr pge mca cmov pat pse36 clflush dts mmx fxsr sse sse2 ss syscall nx rdtscp lm constant_tsc arch_perfmon pebs bts nopl xtopology tsc_reliable nonstop_tsc aperfmperf pni ssse3 cx16 sse4_1 sse4_2 x2apic popcnt hypervisor lahf_lm ida arat dtherm
bogomips	: 4788.82
clflush size	: 64
cache_alignment	: 64
address sizes	: 40 bits physical, 48 bits virtual
power management:

processor	: 2
vendor_id	: GenuineIntel
cpu family	: 6
model		: 37
model name	: Intel(R) Core(TM) i5 CPU       M 450  @ 2.40GHz
stepping	: 5
microcode	: 0x3
cpu MHz		: 2394.414
cache size	: 3072 KB
physical id	: 4
siblings	: 1
core id		: 0
cpu cores	: 1
apicid		: 4
initial apicid	: 4
fpu		: yes
fpu_exception	: yes
cpuid level	: 11
wp		: yes
flags		: fpu vme de pse tsc msr pae mce cx8 apic sep mtrr pge mca cmov pat pse36 clflush dts mmx fxsr sse sse2 ss syscall nx rdtscp lm constant_tsc arch_perfmon pebs bts nopl xtopology tsc_reliable nonstop_tsc aperfmperf pni ssse3 cx16 sse4_1 sse4_2 x2apic popcnt hypervisor lahf_lm ida arat dtherm
bogomips	: 4788.82
clflush size	: 64
cache_alignment	: 64
address sizes	: 40 bits physical, 48 bits virtual
power management:

processor	: 3
vendor_id	: GenuineIntel
cpu family	: 6
model		: 37
model name	: Intel(R) Core(TM) i5 CPU       M 450  @ 2.40GHz
stepping	: 5
microcode	: 0x3
cpu MHz		: 2394.414
cache size	: 3072 KB
physical id	: 6
siblings	: 1
core id		: 0
cpu cores	: 1
apicid		: 6
initial apicid	: 6
fpu		: yes
fpu_exception	: yes
cpuid level	: 11
wp		: yes
flags		: fpu vme de pse tsc msr pae mce cx8 apic sep mtrr pge mca cmov pat pse36 clflush dts mmx fxsr sse sse2 ss syscall nx rdtscp lm constant_tsc arch_perfmon pebs bts nopl xtopology tsc_reliable nonstop_tsc aperfmperf pni ssse3 cx16 sse4_1 sse4_2 x2apic popcnt hypervisor lahf_lm ida arat dtherm
bogomips	: 4788.82
clflush size	: 64
cache_alignment	: 64
address sizes	: 40 bits physical, 48 bits virtual
power management:



Memory: 4k page, physical 3074856k(63332k free), swap 1046524k(0k free)

vm_info: OpenJDK 64-Bit Server VM (24.65-b04) for linux-amd64 JRE (1.7.0_65-b32), built on Oct 22 2014 04:37:44 by "buildd" with gcc 4.8.2

time: Fri Dec 12 17:20:55 2014
elapsed time: 948 seconds

